2025-03-05 19:38:10,491 - INFO - Found 1 layers in county_library_districts_metadata.json
2025-03-05 19:38:10,491 - INFO - Found 18 fields in layer 0 of county_library_districts_metadata.json
2025-03-05 19:38:10,491 - INFO - Extracted 18 unique parameters from county_library_districts_metadata.json
2025-03-05 19:38:10,492 - INFO - Found 7 layers in enterprise_zone_redesignation_geographies_metadata.json
2025-03-05 19:38:10,492 - INFO - Found 26 fields in layer 0 of enterprise_zone_redesignation_geographies_metadata.json
2025-03-05 19:38:10,492 - INFO - Found 26 fields in layer 1 of enterprise_zone_redesignation_geographies_metadata.json
2025-03-05 19:38:10,492 - INFO - Found 28 fields in layer 2 of enterprise_zone_redesignation_geographies_metadata.json
2025-03-05 19:38:10,493 - INFO - Found 26 fields in layer 3 of enterprise_zone_redesignation_geographies_metadata.json
2025-03-05 19:38:10,493 - INFO - Found 27 fields in layer 4 of enterprise_zone_redesignation_geographies_metadata.json
2025-03-05 19:38:10,493 - INFO - Found 21 fields in layer 5 of enterprise_zone_redesignation_geographies_metadata.json
2025-03-05 19:38:10,493 - INFO - Found 18 fields in layer 6 of enterprise_zone_redesignation_geographies_metadata.json
2025-03-05 19:38:10,493 - INFO - Extracted 71 unique parameters from enterprise_zone_redesignation_geographies_metadata.json
2025-03-05 19:38:10,495 - INFO - Found 28 layers in cpwadmindata_metadata.json
2025-03-05 19:38:10,495 - INFO - Found 38 fields in layer 0 of cpwadmindata_metadata.json
2025-03-05 19:38:10,495 - INFO - Found 15 fields in layer 1 of cpwadmindata_metadata.json
2025-03-05 19:38:10,495 - INFO - Found 36 fields in layer 2 of cpwadmindata_metadata.json
2025-03-05 19:38:10,496 - INFO - Found 6 fields in layer 3 of cpwadmindata_metadata.json
2025-03-05 19:38:10,496 - INFO - Found 7 fields in layer 4 of cpwadmindata_metadata.json
2025-03-05 19:38:10,496 - INFO - Found 9 fields in layer 5 of cpwadmindata_metadata.json
2025-03-05 19:38:10,496 - INFO - Found 15 fields in layer 6 of cpwadmindata_metadata.json
2025-03-05 19:38:10,496 - INFO - Found 12 fields in layer 7 of cpwadmindata_metadata.json
2025-03-05 19:38:10,496 - INFO - Found 11 fields in layer 8 of cpwadmindata_metadata.json
2025-03-05 19:38:10,496 - INFO - Found 15 fields in layer 9 of cpwadmindata_metadata.json
2025-03-05 19:38:10,496 - INFO - Found 12 fields in layer 10 of cpwadmindata_metadata.json
2025-03-05 19:38:10,496 - INFO - Found 10 fields in layer 11 of cpwadmindata_metadata.json
2025-03-05 19:38:10,496 - INFO - Found 10 fields in layer 12 of cpwadmindata_metadata.json
2025-03-05 19:38:10,496 - INFO - Found 5 fields in layer 13 of cpwadmindata_metadata.json
2025-03-05 19:38:10,496 - INFO - Found 13 fields in layer 14 of cpwadmindata_metadata.json
2025-03-05 19:38:10,496 - INFO - Found 44 fields in layer 15 of cpwadmindata_metadata.json
2025-03-05 19:38:10,496 - INFO - Found 7 fields in layer 16 of cpwadmindata_metadata.json
2025-03-05 19:38:10,496 - INFO - Found 7 fields in layer 17 of cpwadmindata_metadata.json
2025-03-05 19:38:10,496 - INFO - Found 7 fields in layer 18 of cpwadmindata_metadata.json
2025-03-05 19:38:10,496 - INFO - Found 7 fields in layer 19 of cpwadmindata_metadata.json
2025-03-05 19:38:10,496 - INFO - Found 8 fields in layer 20 of cpwadmindata_metadata.json
2025-03-05 19:38:10,496 - INFO - Found 9 fields in layer 21 of cpwadmindata_metadata.json
2025-03-05 19:38:10,496 - INFO - Found 8 fields in layer 22 of cpwadmindata_metadata.json
2025-03-05 19:38:10,496 - INFO - Found 8 fields in layer 23 of cpwadmindata_metadata.json
2025-03-05 19:38:10,496 - INFO - Found 8 fields in layer 24 of cpwadmindata_metadata.json
2025-03-05 19:38:10,496 - INFO - Found 8 fields in layer 25 of cpwadmindata_metadata.json
2025-03-05 19:38:10,496 - INFO - Found 8 fields in layer 26 of cpwadmindata_metadata.json
2025-03-05 19:38:10,496 - INFO - Found 8 fields in layer 27 of cpwadmindata_metadata.json
2025-03-05 19:38:10,496 - INFO - Extracted 160 unique parameters from cpwadmindata_metadata.json
2025-03-05 19:38:10,497 - INFO - Found 4 layers in usa_shortterm_weather_warnings_metadata.json
2025-03-05 19:38:10,497 - INFO - Found 9 fields in layer 0 of usa_shortterm_weather_warnings_metadata.json
2025-03-05 19:38:10,497 - INFO - Found 9 fields in layer 1 of usa_shortterm_weather_warnings_metadata.json
2025-03-05 19:38:10,497 - INFO - Found 9 fields in layer 2 of usa_shortterm_weather_warnings_metadata.json
2025-03-05 19:38:10,497 - INFO - Found 9 fields in layer 3 of usa_shortterm_weather_warnings_metadata.json
2025-03-05 19:38:10,497 - INFO - Extracted 9 unique parameters from usa_shortterm_weather_warnings_metadata.json
2025-03-05 19:38:10,498 - INFO - Found 1 layers in regrid_usa_nationwide_parcel_boundaries_metadata.json
2025-03-05 19:38:10,498 - INFO - Extracted 0 unique parameters from regrid_usa_nationwide_parcel_boundaries_metadata.json
2025-03-05 19:38:10,498 - WARNING - No parameters found in MetaDataArcGis/regrid_usa_nationwide_parcel_boundaries_metadata.json
2025-03-05 19:38:10,498 - INFO - Found 1 layers in colorado_community_anchor_institutions_metadata.json
2025-03-05 19:38:10,498 - INFO - Found 26 fields in layer 0 of colorado_community_anchor_institutions_metadata.json
2025-03-05 19:38:10,498 - INFO - Extracted 26 unique parameters from colorado_community_anchor_institutions_metadata.json
2025-03-05 19:38:10,499 - INFO - Found 6 layers in united_states_tract_boundaries_metadata.json
2025-03-05 19:38:10,499 - INFO - Found 6 fields in layer 0 of united_states_tract_boundaries_metadata.json
2025-03-05 19:38:10,499 - INFO - Found 11 fields in layer 1 of united_states_tract_boundaries_metadata.json
2025-03-05 19:38:10,499 - INFO - Found 14 fields in layer 2 of united_states_tract_boundaries_metadata.json
2025-03-05 19:38:10,499 - INFO - Found 9 fields in layer 3 of united_states_tract_boundaries_metadata.json
2025-03-05 19:38:10,499 - INFO - Found 14 fields in layer 4 of united_states_tract_boundaries_metadata.json
2025-03-05 19:38:10,499 - INFO - Found 15 fields in layer 5 of united_states_tract_boundaries_metadata.json
2025-03-05 19:38:10,499 - INFO - Extracted 20 unique parameters from united_states_tract_boundaries_metadata.json
2025-03-05 19:38:10,500 - INFO - Found 1 layers in north_american_rail_network_lines_metadata.json
2025-03-05 19:38:10,500 - INFO - Found 34 fields in layer 0 of north_american_rail_network_lines_metadata.json
2025-03-05 19:38:10,500 - INFO - Extracted 34 unique parameters from north_american_rail_network_lines_metadata.json
2025-03-05 19:38:10,500 - INFO - Found 0 layers in metropolitan_planning_organizations_metadata.json
2025-03-05 19:38:10,500 - INFO - Extracted 0 unique parameters from metropolitan_planning_organizations_metadata.json
2025-03-05 19:38:10,500 - WARNING - No parameters found in MetaDataArcGis/metropolitan_planning_organizations_metadata.json
2025-03-05 19:38:10,500 - INFO - Found 1 layers in ppacg_boundary_metadata.json
2025-03-05 19:38:10,500 - INFO - Found 7 fields in layer 0 of ppacg_boundary_metadata.json
2025-03-05 19:38:10,500 - INFO - Extracted 7 unique parameters from ppacg_boundary_metadata.json
2025-03-05 19:38:10,501 - INFO - Found 1 layers in live_stream_gauges_metadata.json
2025-03-05 19:38:10,501 - INFO - Found 15 fields in layer 0 of live_stream_gauges_metadata.json
2025-03-05 19:38:10,501 - INFO - Extracted 15 unique parameters from live_stream_gauges_metadata.json
2025-03-05 19:38:10,501 - INFO - Found 1 layers in all_active_districts_metadata.json
2025-03-05 19:38:10,501 - INFO - Found 17 fields in layer 0 of all_active_districts_metadata.json
2025-03-05 19:38:10,501 - INFO - Extracted 17 unique parameters from all_active_districts_metadata.json
2025-03-05 19:38:10,503 - INFO - Found 1 layers in national_wildlife_refuges_metadata.json
2025-03-05 19:38:10,503 - INFO - Found 11 fields in layer 0 of national_wildlife_refuges_metadata.json
2025-03-05 19:38:10,503 - INFO - Extracted 11 unique parameters from national_wildlife_refuges_metadata.json
2025-03-05 19:38:10,504 - INFO - Found 0 layers in usa_drought_intensity__current_conditions_metadata.json
2025-03-05 19:38:10,504 - INFO - Extracted 0 unique parameters from usa_drought_intensity__current_conditions_metadata.json
2025-03-05 19:38:10,504 - WARNING - No parameters found in MetaDataArcGis/usa_drought_intensity__current_conditions_metadata.json
2025-03-05 19:38:10,505 - INFO - Found 1 layers in coloradoenviroscreen_v2_blockgroup_metadata.json
2025-03-05 19:38:10,505 - INFO - Found 102 fields in layer 0 of coloradoenviroscreen_v2_blockgroup_metadata.json
2025-03-05 19:38:10,505 - INFO - Extracted 102 unique parameters from coloradoenviroscreen_v2_blockgroup_metadata.json
2025-03-05 19:38:10,505 - INFO - Found 1 layers in multijurisdictional_library_districts_metadata.json
2025-03-05 19:38:10,505 - INFO - Found 8 fields in layer 0 of multijurisdictional_library_districts_metadata.json
2025-03-05 19:38:10,505 - INFO - Extracted 8 unique parameters from multijurisdictional_library_districts_metadata.json
2025-03-05 19:38:10,506 - INFO - Found 0 layers in samhsa_colorado_substance_abuse_and_mental_health_service_providers_metadata.json
2025-03-05 19:38:10,506 - INFO - Extracted 0 unique parameters from samhsa_colorado_substance_abuse_and_mental_health_service_providers_metadata.json
2025-03-05 19:38:10,506 - WARNING - No parameters found in MetaDataArcGis/samhsa_colorado_substance_abuse_and_mental_health_service_providers_metadata.json
2025-03-05 19:38:10,508 - INFO - Found 44 layers in cpwhphterrestrialdata_metadata.json
2025-03-05 19:38:10,508 - INFO - Found 7 fields in layer 0 of cpwhphterrestrialdata_metadata.json
2025-03-05 19:38:10,508 - INFO - Found 7 fields in layer 1 of cpwhphterrestrialdata_metadata.json
2025-03-05 19:38:10,508 - INFO - Found 7 fields in layer 2 of cpwhphterrestrialdata_metadata.json
2025-03-05 19:38:10,508 - INFO - Found 7 fields in layer 3 of cpwhphterrestrialdata_metadata.json
2025-03-05 19:38:10,508 - INFO - Found 8 fields in layer 4 of cpwhphterrestrialdata_metadata.json
2025-03-05 19:38:10,509 - INFO - Found 7 fields in layer 5 of cpwhphterrestrialdata_metadata.json
2025-03-05 19:38:10,509 - INFO - Found 7 fields in layer 6 of cpwhphterrestrialdata_metadata.json
2025-03-05 19:38:10,509 - INFO - Found 7 fields in layer 7 of cpwhphterrestrialdata_metadata.json
2025-03-05 19:38:10,509 - INFO - Found 7 fields in layer 8 of cpwhphterrestrialdata_metadata.json
2025-03-05 19:38:10,509 - INFO - Found 7 fields in layer 9 of cpwhphterrestrialdata_metadata.json
2025-03-05 19:38:10,509 - INFO - Found 7 fields in layer 10 of cpwhphterrestrialdata_metadata.json
2025-03-05 19:38:10,509 - INFO - Found 7 fields in layer 11 of cpwhphterrestrialdata_metadata.json
2025-03-05 19:38:10,509 - INFO - Found 7 fields in layer 12 of cpwhphterrestrialdata_metadata.json
2025-03-05 19:38:10,509 - INFO - Found 7 fields in layer 13 of cpwhphterrestrialdata_metadata.json
2025-03-05 19:38:10,509 - INFO - Found 7 fields in layer 14 of cpwhphterrestrialdata_metadata.json
2025-03-05 19:38:10,509 - INFO - Found 7 fields in layer 15 of cpwhphterrestrialdata_metadata.json
2025-03-05 19:38:10,509 - INFO - Found 7 fields in layer 16 of cpwhphterrestrialdata_metadata.json
2025-03-05 19:38:10,509 - INFO - Found 7 fields in layer 17 of cpwhphterrestrialdata_metadata.json
2025-03-05 19:38:10,509 - INFO - Found 7 fields in layer 18 of cpwhphterrestrialdata_metadata.json
2025-03-05 19:38:10,509 - INFO - Found 7 fields in layer 19 of cpwhphterrestrialdata_metadata.json
2025-03-05 19:38:10,509 - INFO - Found 7 fields in layer 20 of cpwhphterrestrialdata_metadata.json
2025-03-05 19:38:10,509 - INFO - Found 7 fields in layer 21 of cpwhphterrestrialdata_metadata.json
2025-03-05 19:38:10,509 - INFO - Found 7 fields in layer 22 of cpwhphterrestrialdata_metadata.json
2025-03-05 19:38:10,509 - INFO - Found 7 fields in layer 23 of cpwhphterrestrialdata_metadata.json
2025-03-05 19:38:10,509 - INFO - Found 7 fields in layer 24 of cpwhphterrestrialdata_metadata.json
2025-03-05 19:38:10,509 - INFO - Found 7 fields in layer 25 of cpwhphterrestrialdata_metadata.json
2025-03-05 19:38:10,509 - INFO - Found 7 fields in layer 26 of cpwhphterrestrialdata_metadata.json
2025-03-05 19:38:10,509 - INFO - Found 7 fields in layer 27 of cpwhphterrestrialdata_metadata.json
2025-03-05 19:38:10,509 - INFO - Found 7 fields in layer 28 of cpwhphterrestrialdata_metadata.json
2025-03-05 19:38:10,509 - INFO - Found 7 fields in layer 29 of cpwhphterrestrialdata_metadata.json
2025-03-05 19:38:10,509 - INFO - Found 7 fields in layer 30 of cpwhphterrestrialdata_metadata.json
2025-03-05 19:38:10,509 - INFO - Found 7 fields in layer 31 of cpwhphterrestrialdata_metadata.json
2025-03-05 19:38:10,509 - INFO - Found 7 fields in layer 32 of cpwhphterrestrialdata_metadata.json
2025-03-05 19:38:10,509 - INFO - Found 7 fields in layer 33 of cpwhphterrestrialdata_metadata.json
2025-03-05 19:38:10,509 - INFO - Found 7 fields in layer 34 of cpwhphterrestrialdata_metadata.json
2025-03-05 19:38:10,509 - INFO - Found 7 fields in layer 35 of cpwhphterrestrialdata_metadata.json
2025-03-05 19:38:10,509 - INFO - Found 7 fields in layer 36 of cpwhphterrestrialdata_metadata.json
2025-03-05 19:38:10,509 - INFO - Found 7 fields in layer 37 of cpwhphterrestrialdata_metadata.json
2025-03-05 19:38:10,509 - INFO - Found 7 fields in layer 38 of cpwhphterrestrialdata_metadata.json
2025-03-05 19:38:10,509 - INFO - Found 7 fields in layer 39 of cpwhphterrestrialdata_metadata.json
2025-03-05 19:38:10,509 - INFO - Found 7 fields in layer 40 of cpwhphterrestrialdata_metadata.json
2025-03-05 19:38:10,509 - INFO - Found 7 fields in layer 41 of cpwhphterrestrialdata_metadata.json
2025-03-05 19:38:10,510 - INFO - Found 7 fields in layer 42 of cpwhphterrestrialdata_metadata.json
2025-03-05 19:38:10,510 - INFO - Found 7 fields in layer 43 of cpwhphterrestrialdata_metadata.json
2025-03-05 19:38:10,510 - INFO - Extracted 9 unique parameters from cpwhphterrestrialdata_metadata.json
2025-03-05 19:38:10,510 - INFO - Found 0 layers in maintenance_patrols_metadata.json
2025-03-05 19:38:10,510 - INFO - Extracted 0 unique parameters from maintenance_patrols_metadata.json
2025-03-05 19:38:10,510 - WARNING - No parameters found in MetaDataArcGis/maintenance_patrols_metadata.json
2025-03-05 19:38:10,511 - INFO - Found 1 layers in culverts_metadata.json
2025-03-05 19:38:10,511 - INFO - Found 82 fields in layer 0 of culverts_metadata.json
2025-03-05 19:38:10,511 - INFO - Extracted 82 unique parameters from culverts_metadata.json
2025-03-05 19:38:10,512 - INFO - Found 9 layers in usa_airports_metadata.json
2025-03-05 19:38:10,512 - INFO - Found 15 fields in layer 0 of usa_airports_metadata.json
2025-03-05 19:38:10,512 - INFO - Found 15 fields in layer 1 of usa_airports_metadata.json
2025-03-05 19:38:10,512 - INFO - Found 15 fields in layer 2 of usa_airports_metadata.json
2025-03-05 19:38:10,512 - INFO - Found 15 fields in layer 3 of usa_airports_metadata.json
2025-03-05 19:38:10,512 - INFO - Found 15 fields in layer 4 of usa_airports_metadata.json
2025-03-05 19:38:10,512 - INFO - Found 15 fields in layer 5 of usa_airports_metadata.json
2025-03-05 19:38:10,512 - INFO - Found 15 fields in layer 6 of usa_airports_metadata.json
2025-03-05 19:38:10,512 - INFO - Found 15 fields in layer 7 of usa_airports_metadata.json
2025-03-05 19:38:10,512 - INFO - Found 15 fields in layer 8 of usa_airports_metadata.json
2025-03-05 19:38:10,512 - INFO - Extracted 15 unique parameters from usa_airports_metadata.json
2025-03-05 19:38:10,513 - INFO - Found 1 layers in port_of_entry_locations_metadata.json
2025-03-05 19:38:10,513 - INFO - Found 11 fields in layer 0 of port_of_entry_locations_metadata.json
2025-03-05 19:38:10,513 - INFO - Extracted 11 unique parameters from port_of_entry_locations_metadata.json
2025-03-05 19:38:10,514 - INFO - Found 7 layers in oedit_additional_reference_layers_for_ez_redesignation_metadata.json
2025-03-05 19:38:10,514 - INFO - Found 9 fields in layer 0 of oedit_additional_reference_layers_for_ez_redesignation_metadata.json
2025-03-05 19:38:10,514 - INFO - Found 3 fields in layer 1 of oedit_additional_reference_layers_for_ez_redesignation_metadata.json
2025-03-05 19:38:10,514 - INFO - Found 7 fields in layer 2 of oedit_additional_reference_layers_for_ez_redesignation_metadata.json
2025-03-05 19:38:10,514 - INFO - Found 9 fields in layer 3 of oedit_additional_reference_layers_for_ez_redesignation_metadata.json
2025-03-05 19:38:10,514 - INFO - Found 27 fields in layer 4 of oedit_additional_reference_layers_for_ez_redesignation_metadata.json
2025-03-05 19:38:10,514 - INFO - Found 5 fields in layer 5 of oedit_additional_reference_layers_for_ez_redesignation_metadata.json
2025-03-05 19:38:10,514 - INFO - Found 13 fields in layer 6 of oedit_additional_reference_layers_for_ez_redesignation_metadata.json
2025-03-05 19:38:10,514 - INFO - Extracted 45 unique parameters from oedit_additional_reference_layers_for_ez_redesignation_metadata.json
2025-03-05 19:38:10,515 - INFO - Found 1 layers in summer_restrictions_metadata.json
2025-03-05 19:38:10,515 - INFO - Found 11 fields in layer 0 of summer_restrictions_metadata.json
2025-03-05 19:38:10,515 - INFO - Extracted 11 unique parameters from summer_restrictions_metadata.json
2025-03-05 19:38:10,515 - INFO - Found 1 layers in usa_federal_lands_metadata.json
2025-03-05 19:38:10,515 - INFO - Found 7 fields in layer 0 of usa_federal_lands_metadata.json
2025-03-05 19:38:10,515 - INFO - Extracted 7 unique parameters from usa_federal_lands_metadata.json
2025-03-05 19:38:10,531 - INFO - Found 313 layers in cpwspeciesdata_metadata.json
2025-03-05 19:38:10,531 - INFO - Found 6 fields in layer 0 of cpwspeciesdata_metadata.json
2025-03-05 19:38:10,531 - INFO - Found 7 fields in layer 1 of cpwspeciesdata_metadata.json
2025-03-05 19:38:10,531 - INFO - Found 6 fields in layer 2 of cpwspeciesdata_metadata.json
2025-03-05 19:38:10,531 - INFO - Found 6 fields in layer 3 of cpwspeciesdata_metadata.json
2025-03-05 19:38:10,531 - INFO - Found 6 fields in layer 4 of cpwspeciesdata_metadata.json
2025-03-05 19:38:10,531 - INFO - Found 6 fields in layer 5 of cpwspeciesdata_metadata.json
2025-03-05 19:38:10,531 - INFO - Found 6 fields in layer 6 of cpwspeciesdata_metadata.json
2025-03-05 19:38:10,531 - INFO - Found 6 fields in layer 7 of cpwspeciesdata_metadata.json
2025-03-05 19:38:10,531 - INFO - Found 5 fields in layer 8 of cpwspeciesdata_metadata.json
2025-03-05 19:38:10,531 - INFO - Found 6 fields in layer 9 of cpwspeciesdata_metadata.json
2025-03-05 19:38:10,531 - INFO - Found 6 fields in layer 10 of cpwspeciesdata_metadata.json
2025-03-05 19:38:10,531 - INFO - Found 6 fields in layer 11 of cpwspeciesdata_metadata.json
2025-03-05 19:38:10,531 - INFO - Found 6 fields in layer 12 of cpwspeciesdata_metadata.json
2025-03-05 19:38:10,531 - INFO - Found 6 fields in layer 13 of cpwspeciesdata_metadata.json
2025-03-05 19:38:10,531 - INFO - Found 6 fields in layer 14 of cpwspeciesdata_metadata.json
2025-03-05 19:38:10,531 - INFO - Found 6 fields in layer 15 of cpwspeciesdata_metadata.json
2025-03-05 19:38:10,531 - INFO - Found 6 fields in layer 16 of cpwspeciesdata_metadata.json
2025-03-05 19:38:10,531 - INFO - Found 6 fields in layer 17 of cpwspeciesdata_metadata.json
2025-03-05 19:38:10,531 - INFO - Found 6 fields in layer 18 of cpwspeciesdata_metadata.json
2025-03-05 19:38:10,531 - INFO - Found 6 fields in layer 19 of cpwspeciesdata_metadata.json
2025-03-05 19:38:10,531 - INFO - Found 6 fields in layer 20 of cpwspeciesdata_metadata.json
2025-03-05 19:38:10,531 - INFO - Found 6 fields in layer 21 of cpwspeciesdata_metadata.json
2025-03-05 19:38:10,531 - INFO - Found 6 fields in layer 22 of cpwspeciesdata_metadata.json
2025-03-05 19:38:10,532 - INFO - Found 10 fields in layer 23 of cpwspeciesdata_metadata.json
2025-03-05 19:38:10,532 - INFO - Found 6 fields in layer 24 of cpwspeciesdata_metadata.json
2025-03-05 19:38:10,532 - INFO - Found 6 fields in layer 25 of cpwspeciesdata_metadata.json
2025-03-05 19:38:10,532 - INFO - Found 6 fields in layer 26 of cpwspeciesdata_metadata.json
2025-03-05 19:38:10,532 - INFO - Found 6 fields in layer 27 of cpwspeciesdata_metadata.json
2025-03-05 19:38:10,532 - INFO - Found 10 fields in layer 28 of cpwspeciesdata_metadata.json
2025-03-05 19:38:10,532 - INFO - Found 8 fields in layer 29 of cpwspeciesdata_metadata.json
2025-03-05 19:38:10,532 - INFO - Found 6 fields in layer 30 of cpwspeciesdata_metadata.json
2025-03-05 19:38:10,532 - INFO - Found 6 fields in layer 31 of cpwspeciesdata_metadata.json
2025-03-05 19:38:10,532 - INFO - Found 6 fields in layer 32 of cpwspeciesdata_metadata.json
2025-03-05 19:38:10,532 - INFO - Found 5 fields in layer 33 of cpwspeciesdata_metadata.json
2025-03-05 19:38:10,532 - INFO - Found 6 fields in layer 34 of cpwspeciesdata_metadata.json
2025-03-05 19:38:10,532 - INFO - Found 6 fields in layer 35 of cpwspeciesdata_metadata.json
2025-03-05 19:38:10,532 - INFO - Found 6 fields in layer 36 of cpwspeciesdata_metadata.json
2025-03-05 19:38:10,532 - INFO - Found 6 fields in layer 37 of cpwspeciesdata_metadata.json
2025-03-05 19:38:10,532 - INFO - Found 6 fields in layer 38 of cpwspeciesdata_metadata.json
2025-03-05 19:38:10,532 - INFO - Found 6 fields in layer 39 of cpwspeciesdata_metadata.json
2025-03-05 19:38:10,532 - INFO - Found 6 fields in layer 40 of cpwspeciesdata_metadata.json
2025-03-05 19:38:10,532 - INFO - Found 6 fields in layer 41 of cpwspeciesdata_metadata.json
2025-03-05 19:38:10,532 - INFO - Found 6 fields in layer 42 of cpwspeciesdata_metadata.json
2025-03-05 19:38:10,532 - INFO - Found 6 fields in layer 43 of cpwspeciesdata_metadata.json
2025-03-05 19:38:10,532 - INFO - Found 6 fields in layer 44 of cpwspeciesdata_metadata.json
2025-03-05 19:38:10,532 - INFO - Found 6 fields in layer 45 of cpwspeciesdata_metadata.json
2025-03-05 19:38:10,532 - INFO - Found 6 fields in layer 46 of cpwspeciesdata_metadata.json
2025-03-05 19:38:10,532 - INFO - Found 6 fields in layer 47 of cpwspeciesdata_metadata.json
2025-03-05 19:38:10,532 - INFO - Found 6 fields in layer 48 of cpwspeciesdata_metadata.json
2025-03-05 19:38:10,532 - INFO - Found 6 fields in layer 49 of cpwspeciesdata_metadata.json
2025-03-05 19:38:10,532 - INFO - Found 6 fields in layer 50 of cpwspeciesdata_metadata.json
2025-03-05 19:38:10,532 - INFO - Found 6 fields in layer 51 of cpwspeciesdata_metadata.json
2025-03-05 19:38:10,533 - INFO - Found 6 fields in layer 52 of cpwspeciesdata_metadata.json
2025-03-05 19:38:10,533 - INFO - Found 6 fields in layer 53 of cpwspeciesdata_metadata.json
2025-03-05 19:38:10,533 - INFO - Found 6 fields in layer 54 of cpwspeciesdata_metadata.json
2025-03-05 19:38:10,533 - INFO - Found 6 fields in layer 55 of cpwspeciesdata_metadata.json
2025-03-05 19:38:10,533 - INFO - Found 6 fields in layer 56 of cpwspeciesdata_metadata.json
2025-03-05 19:38:10,533 - INFO - Found 6 fields in layer 57 of cpwspeciesdata_metadata.json
2025-03-05 19:38:10,533 - INFO - Found 6 fields in layer 58 of cpwspeciesdata_metadata.json
2025-03-05 19:38:10,533 - INFO - Found 6 fields in layer 59 of cpwspeciesdata_metadata.json
2025-03-05 19:38:10,533 - INFO - Found 6 fields in layer 60 of cpwspeciesdata_metadata.json
2025-03-05 19:38:10,533 - INFO - Found 6 fields in layer 61 of cpwspeciesdata_metadata.json
2025-03-05 19:38:10,533 - INFO - Found 6 fields in layer 62 of cpwspeciesdata_metadata.json
2025-03-05 19:38:10,533 - INFO - Found 10 fields in layer 63 of cpwspeciesdata_metadata.json
2025-03-05 19:38:10,533 - INFO - Found 10 fields in layer 64 of cpwspeciesdata_metadata.json
2025-03-05 19:38:10,533 - INFO - Found 7 fields in layer 65 of cpwspeciesdata_metadata.json
2025-03-05 19:38:10,533 - INFO - Found 6 fields in layer 66 of cpwspeciesdata_metadata.json
2025-03-05 19:38:10,533 - INFO - Found 6 fields in layer 67 of cpwspeciesdata_metadata.json
2025-03-05 19:38:10,533 - INFO - Found 6 fields in layer 68 of cpwspeciesdata_metadata.json
2025-03-05 19:38:10,533 - INFO - Found 6 fields in layer 69 of cpwspeciesdata_metadata.json
2025-03-05 19:38:10,533 - INFO - Found 6 fields in layer 70 of cpwspeciesdata_metadata.json
2025-03-05 19:38:10,533 - INFO - Found 6 fields in layer 71 of cpwspeciesdata_metadata.json
2025-03-05 19:38:10,533 - INFO - Found 7 fields in layer 72 of cpwspeciesdata_metadata.json
2025-03-05 19:38:10,533 - INFO - Found 6 fields in layer 73 of cpwspeciesdata_metadata.json
2025-03-05 19:38:10,533 - INFO - Found 6 fields in layer 74 of cpwspeciesdata_metadata.json
2025-03-05 19:38:10,533 - INFO - Found 6 fields in layer 75 of cpwspeciesdata_metadata.json
2025-03-05 19:38:10,533 - INFO - Found 6 fields in layer 76 of cpwspeciesdata_metadata.json
2025-03-05 19:38:10,533 - INFO - Found 6 fields in layer 77 of cpwspeciesdata_metadata.json
2025-03-05 19:38:10,533 - INFO - Found 6 fields in layer 78 of cpwspeciesdata_metadata.json
2025-03-05 19:38:10,533 - INFO - Found 14 fields in layer 79 of cpwspeciesdata_metadata.json
2025-03-05 19:38:10,533 - INFO - Found 5 fields in layer 80 of cpwspeciesdata_metadata.json
2025-03-05 19:38:10,533 - INFO - Found 6 fields in layer 81 of cpwspeciesdata_metadata.json
2025-03-05 19:38:10,533 - INFO - Found 6 fields in layer 82 of cpwspeciesdata_metadata.json
2025-03-05 19:38:10,534 - INFO - Found 6 fields in layer 83 of cpwspeciesdata_metadata.json
2025-03-05 19:38:10,534 - INFO - Found 6 fields in layer 84 of cpwspeciesdata_metadata.json
2025-03-05 19:38:10,534 - INFO - Found 6 fields in layer 85 of cpwspeciesdata_metadata.json
2025-03-05 19:38:10,534 - INFO - Found 6 fields in layer 86 of cpwspeciesdata_metadata.json
2025-03-05 19:38:10,534 - INFO - Found 6 fields in layer 87 of cpwspeciesdata_metadata.json
2025-03-05 19:38:10,534 - INFO - Found 6 fields in layer 88 of cpwspeciesdata_metadata.json
2025-03-05 19:38:10,534 - INFO - Found 6 fields in layer 89 of cpwspeciesdata_metadata.json
2025-03-05 19:38:10,534 - INFO - Found 6 fields in layer 90 of cpwspeciesdata_metadata.json
2025-03-05 19:38:10,534 - INFO - Found 6 fields in layer 91 of cpwspeciesdata_metadata.json
2025-03-05 19:38:10,534 - INFO - Found 6 fields in layer 92 of cpwspeciesdata_metadata.json
2025-03-05 19:38:10,534 - INFO - Found 6 fields in layer 93 of cpwspeciesdata_metadata.json
2025-03-05 19:38:10,534 - INFO - Found 6 fields in layer 94 of cpwspeciesdata_metadata.json
2025-03-05 19:38:10,534 - INFO - Found 6 fields in layer 95 of cpwspeciesdata_metadata.json
2025-03-05 19:38:10,534 - INFO - Found 5 fields in layer 96 of cpwspeciesdata_metadata.json
2025-03-05 19:38:10,534 - INFO - Found 6 fields in layer 97 of cpwspeciesdata_metadata.json
2025-03-05 19:38:10,534 - INFO - Found 6 fields in layer 98 of cpwspeciesdata_metadata.json
2025-03-05 19:38:10,534 - INFO - Found 6 fields in layer 99 of cpwspeciesdata_metadata.json
2025-03-05 19:38:10,534 - INFO - Found 6 fields in layer 100 of cpwspeciesdata_metadata.json
2025-03-05 19:38:10,534 - INFO - Found 6 fields in layer 101 of cpwspeciesdata_metadata.json
2025-03-05 19:38:10,534 - INFO - Found 6 fields in layer 102 of cpwspeciesdata_metadata.json
2025-03-05 19:38:10,534 - INFO - Found 6 fields in layer 103 of cpwspeciesdata_metadata.json
2025-03-05 19:38:10,534 - INFO - Found 6 fields in layer 104 of cpwspeciesdata_metadata.json
2025-03-05 19:38:10,534 - INFO - Found 6 fields in layer 105 of cpwspeciesdata_metadata.json
2025-03-05 19:38:10,534 - INFO - Found 6 fields in layer 106 of cpwspeciesdata_metadata.json
2025-03-05 19:38:10,534 - INFO - Found 5 fields in layer 107 of cpwspeciesdata_metadata.json
2025-03-05 19:38:10,534 - INFO - Found 7 fields in layer 108 of cpwspeciesdata_metadata.json
2025-03-05 19:38:10,534 - INFO - Found 6 fields in layer 109 of cpwspeciesdata_metadata.json
2025-03-05 19:38:10,534 - INFO - Found 6 fields in layer 110 of cpwspeciesdata_metadata.json
2025-03-05 19:38:10,534 - INFO - Found 6 fields in layer 111 of cpwspeciesdata_metadata.json
2025-03-05 19:38:10,534 - INFO - Found 6 fields in layer 112 of cpwspeciesdata_metadata.json
2025-03-05 19:38:10,535 - INFO - Found 6 fields in layer 113 of cpwspeciesdata_metadata.json
2025-03-05 19:38:10,535 - INFO - Found 6 fields in layer 114 of cpwspeciesdata_metadata.json
2025-03-05 19:38:10,535 - INFO - Found 5 fields in layer 115 of cpwspeciesdata_metadata.json
2025-03-05 19:38:10,535 - INFO - Found 6 fields in layer 116 of cpwspeciesdata_metadata.json
2025-03-05 19:38:10,535 - INFO - Found 6 fields in layer 117 of cpwspeciesdata_metadata.json
2025-03-05 19:38:10,535 - INFO - Found 6 fields in layer 118 of cpwspeciesdata_metadata.json
2025-03-05 19:38:10,535 - INFO - Found 6 fields in layer 119 of cpwspeciesdata_metadata.json
2025-03-05 19:38:10,535 - INFO - Found 6 fields in layer 120 of cpwspeciesdata_metadata.json
2025-03-05 19:38:10,535 - INFO - Found 6 fields in layer 121 of cpwspeciesdata_metadata.json
2025-03-05 19:38:10,535 - INFO - Found 6 fields in layer 122 of cpwspeciesdata_metadata.json
2025-03-05 19:38:10,535 - INFO - Found 6 fields in layer 123 of cpwspeciesdata_metadata.json
2025-03-05 19:38:10,535 - INFO - Found 6 fields in layer 124 of cpwspeciesdata_metadata.json
2025-03-05 19:38:10,535 - INFO - Found 6 fields in layer 125 of cpwspeciesdata_metadata.json
2025-03-05 19:38:10,535 - INFO - Found 6 fields in layer 126 of cpwspeciesdata_metadata.json
2025-03-05 19:38:10,535 - INFO - Found 7 fields in layer 127 of cpwspeciesdata_metadata.json
2025-03-05 19:38:10,535 - INFO - Found 7 fields in layer 128 of cpwspeciesdata_metadata.json
2025-03-05 19:38:10,535 - INFO - Found 7 fields in layer 129 of cpwspeciesdata_metadata.json
2025-03-05 19:38:10,535 - INFO - Found 7 fields in layer 130 of cpwspeciesdata_metadata.json
2025-03-05 19:38:10,535 - INFO - Found 7 fields in layer 131 of cpwspeciesdata_metadata.json
2025-03-05 19:38:10,535 - INFO - Found 7 fields in layer 132 of cpwspeciesdata_metadata.json
2025-03-05 19:38:10,535 - INFO - Found 7 fields in layer 133 of cpwspeciesdata_metadata.json
2025-03-05 19:38:10,535 - INFO - Found 7 fields in layer 134 of cpwspeciesdata_metadata.json
2025-03-05 19:38:10,536 - INFO - Found 7 fields in layer 135 of cpwspeciesdata_metadata.json
2025-03-05 19:38:10,536 - INFO - Found 7 fields in layer 136 of cpwspeciesdata_metadata.json
2025-03-05 19:38:10,536 - INFO - Found 7 fields in layer 137 of cpwspeciesdata_metadata.json
2025-03-05 19:38:10,536 - INFO - Found 7 fields in layer 138 of cpwspeciesdata_metadata.json
2025-03-05 19:38:10,536 - INFO - Found 7 fields in layer 139 of cpwspeciesdata_metadata.json
2025-03-05 19:38:10,536 - INFO - Found 7 fields in layer 140 of cpwspeciesdata_metadata.json
2025-03-05 19:38:10,536 - INFO - Found 7 fields in layer 141 of cpwspeciesdata_metadata.json
2025-03-05 19:38:10,536 - INFO - Found 7 fields in layer 142 of cpwspeciesdata_metadata.json
2025-03-05 19:38:10,536 - INFO - Found 7 fields in layer 143 of cpwspeciesdata_metadata.json
2025-03-05 19:38:10,536 - INFO - Found 7 fields in layer 144 of cpwspeciesdata_metadata.json
2025-03-05 19:38:10,536 - INFO - Found 7 fields in layer 145 of cpwspeciesdata_metadata.json
2025-03-05 19:38:10,536 - INFO - Found 7 fields in layer 146 of cpwspeciesdata_metadata.json
2025-03-05 19:38:10,536 - INFO - Found 7 fields in layer 147 of cpwspeciesdata_metadata.json
2025-03-05 19:38:10,536 - INFO - Found 6 fields in layer 148 of cpwspeciesdata_metadata.json
2025-03-05 19:38:10,536 - INFO - Found 7 fields in layer 149 of cpwspeciesdata_metadata.json
2025-03-05 19:38:10,536 - INFO - Found 7 fields in layer 150 of cpwspeciesdata_metadata.json
2025-03-05 19:38:10,536 - INFO - Found 7 fields in layer 151 of cpwspeciesdata_metadata.json
2025-03-05 19:38:10,536 - INFO - Found 7 fields in layer 152 of cpwspeciesdata_metadata.json
2025-03-05 19:38:10,536 - INFO - Found 7 fields in layer 153 of cpwspeciesdata_metadata.json
2025-03-05 19:38:10,536 - INFO - Found 7 fields in layer 154 of cpwspeciesdata_metadata.json
2025-03-05 19:38:10,536 - INFO - Found 7 fields in layer 155 of cpwspeciesdata_metadata.json
2025-03-05 19:38:10,536 - INFO - Found 7 fields in layer 156 of cpwspeciesdata_metadata.json
2025-03-05 19:38:10,536 - INFO - Found 7 fields in layer 157 of cpwspeciesdata_metadata.json
2025-03-05 19:38:10,536 - INFO - Found 7 fields in layer 158 of cpwspeciesdata_metadata.json
2025-03-05 19:38:10,536 - INFO - Found 7 fields in layer 159 of cpwspeciesdata_metadata.json
2025-03-05 19:38:10,536 - INFO - Found 7 fields in layer 160 of cpwspeciesdata_metadata.json
2025-03-05 19:38:10,537 - INFO - Found 7 fields in layer 161 of cpwspeciesdata_metadata.json
2025-03-05 19:38:10,537 - INFO - Found 7 fields in layer 162 of cpwspeciesdata_metadata.json
2025-03-05 19:38:10,537 - INFO - Found 7 fields in layer 163 of cpwspeciesdata_metadata.json
2025-03-05 19:38:10,537 - INFO - Found 7 fields in layer 164 of cpwspeciesdata_metadata.json
2025-03-05 19:38:10,537 - INFO - Found 7 fields in layer 165 of cpwspeciesdata_metadata.json
2025-03-05 19:38:10,537 - INFO - Found 7 fields in layer 166 of cpwspeciesdata_metadata.json
2025-03-05 19:38:10,537 - INFO - Found 7 fields in layer 167 of cpwspeciesdata_metadata.json
2025-03-05 19:38:10,537 - INFO - Found 7 fields in layer 168 of cpwspeciesdata_metadata.json
2025-03-05 19:38:10,537 - INFO - Found 7 fields in layer 169 of cpwspeciesdata_metadata.json
2025-03-05 19:38:10,537 - INFO - Found 7 fields in layer 170 of cpwspeciesdata_metadata.json
2025-03-05 19:38:10,537 - INFO - Found 6 fields in layer 171 of cpwspeciesdata_metadata.json
2025-03-05 19:38:10,537 - INFO - Found 7 fields in layer 172 of cpwspeciesdata_metadata.json
2025-03-05 19:38:10,537 - INFO - Found 7 fields in layer 173 of cpwspeciesdata_metadata.json
2025-03-05 19:38:10,537 - INFO - Found 7 fields in layer 174 of cpwspeciesdata_metadata.json
2025-03-05 19:38:10,537 - INFO - Found 7 fields in layer 175 of cpwspeciesdata_metadata.json
2025-03-05 19:38:10,537 - INFO - Found 7 fields in layer 176 of cpwspeciesdata_metadata.json
2025-03-05 19:38:10,537 - INFO - Found 7 fields in layer 177 of cpwspeciesdata_metadata.json
2025-03-05 19:38:10,537 - INFO - Found 7 fields in layer 178 of cpwspeciesdata_metadata.json
2025-03-05 19:38:10,537 - INFO - Found 6 fields in layer 179 of cpwspeciesdata_metadata.json
2025-03-05 19:38:10,537 - INFO - Found 6 fields in layer 180 of cpwspeciesdata_metadata.json
2025-03-05 19:38:10,537 - INFO - Found 6 fields in layer 181 of cpwspeciesdata_metadata.json
2025-03-05 19:38:10,537 - INFO - Found 6 fields in layer 182 of cpwspeciesdata_metadata.json
2025-03-05 19:38:10,537 - INFO - Found 6 fields in layer 183 of cpwspeciesdata_metadata.json
2025-03-05 19:38:10,537 - INFO - Found 6 fields in layer 184 of cpwspeciesdata_metadata.json
2025-03-05 19:38:10,538 - INFO - Found 6 fields in layer 185 of cpwspeciesdata_metadata.json
2025-03-05 19:38:10,538 - INFO - Found 6 fields in layer 186 of cpwspeciesdata_metadata.json
2025-03-05 19:38:10,538 - INFO - Found 6 fields in layer 187 of cpwspeciesdata_metadata.json
2025-03-05 19:38:10,538 - INFO - Found 6 fields in layer 188 of cpwspeciesdata_metadata.json
2025-03-05 19:38:10,538 - INFO - Found 6 fields in layer 189 of cpwspeciesdata_metadata.json
2025-03-05 19:38:10,538 - INFO - Found 6 fields in layer 190 of cpwspeciesdata_metadata.json
2025-03-05 19:38:10,538 - INFO - Found 6 fields in layer 191 of cpwspeciesdata_metadata.json
2025-03-05 19:38:10,538 - INFO - Found 6 fields in layer 192 of cpwspeciesdata_metadata.json
2025-03-05 19:38:10,538 - INFO - Found 6 fields in layer 193 of cpwspeciesdata_metadata.json
2025-03-05 19:38:10,538 - INFO - Found 6 fields in layer 194 of cpwspeciesdata_metadata.json
2025-03-05 19:38:10,538 - INFO - Found 6 fields in layer 195 of cpwspeciesdata_metadata.json
2025-03-05 19:38:10,538 - INFO - Found 6 fields in layer 196 of cpwspeciesdata_metadata.json
2025-03-05 19:38:10,538 - INFO - Found 6 fields in layer 197 of cpwspeciesdata_metadata.json
2025-03-05 19:38:10,538 - INFO - Found 6 fields in layer 198 of cpwspeciesdata_metadata.json
2025-03-05 19:38:10,538 - INFO - Found 6 fields in layer 199 of cpwspeciesdata_metadata.json
2025-03-05 19:38:10,538 - INFO - Found 6 fields in layer 200 of cpwspeciesdata_metadata.json
2025-03-05 19:38:10,538 - INFO - Found 6 fields in layer 201 of cpwspeciesdata_metadata.json
2025-03-05 19:38:10,538 - INFO - Found 6 fields in layer 202 of cpwspeciesdata_metadata.json
2025-03-05 19:38:10,538 - INFO - Found 6 fields in layer 203 of cpwspeciesdata_metadata.json
2025-03-05 19:38:10,538 - INFO - Found 8 fields in layer 204 of cpwspeciesdata_metadata.json
2025-03-05 19:38:10,538 - INFO - Found 8 fields in layer 205 of cpwspeciesdata_metadata.json
2025-03-05 19:38:10,538 - INFO - Found 8 fields in layer 206 of cpwspeciesdata_metadata.json
2025-03-05 19:38:10,538 - INFO - Found 8 fields in layer 207 of cpwspeciesdata_metadata.json
2025-03-05 19:38:10,538 - INFO - Found 8 fields in layer 208 of cpwspeciesdata_metadata.json
2025-03-05 19:38:10,538 - INFO - Found 8 fields in layer 209 of cpwspeciesdata_metadata.json
2025-03-05 19:38:10,538 - INFO - Found 8 fields in layer 210 of cpwspeciesdata_metadata.json
2025-03-05 19:38:10,538 - INFO - Found 8 fields in layer 211 of cpwspeciesdata_metadata.json
2025-03-05 19:38:10,538 - INFO - Found 8 fields in layer 212 of cpwspeciesdata_metadata.json
2025-03-05 19:38:10,539 - INFO - Found 8 fields in layer 213 of cpwspeciesdata_metadata.json
2025-03-05 19:38:10,539 - INFO - Found 8 fields in layer 214 of cpwspeciesdata_metadata.json
2025-03-05 19:38:10,539 - INFO - Found 8 fields in layer 215 of cpwspeciesdata_metadata.json
2025-03-05 19:38:10,539 - INFO - Found 8 fields in layer 216 of cpwspeciesdata_metadata.json
2025-03-05 19:38:10,539 - INFO - Found 8 fields in layer 217 of cpwspeciesdata_metadata.json
2025-03-05 19:38:10,539 - INFO - Found 8 fields in layer 218 of cpwspeciesdata_metadata.json
2025-03-05 19:38:10,539 - INFO - Found 8 fields in layer 219 of cpwspeciesdata_metadata.json
2025-03-05 19:38:10,539 - INFO - Found 8 fields in layer 220 of cpwspeciesdata_metadata.json
2025-03-05 19:38:10,539 - INFO - Found 8 fields in layer 221 of cpwspeciesdata_metadata.json
2025-03-05 19:38:10,539 - INFO - Found 7 fields in layer 222 of cpwspeciesdata_metadata.json
2025-03-05 19:38:10,539 - INFO - Found 7 fields in layer 223 of cpwspeciesdata_metadata.json
2025-03-05 19:38:10,539 - INFO - Found 7 fields in layer 224 of cpwspeciesdata_metadata.json
2025-03-05 19:38:10,539 - INFO - Found 7 fields in layer 225 of cpwspeciesdata_metadata.json
2025-03-05 19:38:10,539 - INFO - Found 7 fields in layer 226 of cpwspeciesdata_metadata.json
2025-03-05 19:38:10,539 - INFO - Found 7 fields in layer 227 of cpwspeciesdata_metadata.json
2025-03-05 19:38:10,539 - INFO - Found 7 fields in layer 228 of cpwspeciesdata_metadata.json
2025-03-05 19:38:10,539 - INFO - Found 7 fields in layer 229 of cpwspeciesdata_metadata.json
2025-03-05 19:38:10,539 - INFO - Found 7 fields in layer 230 of cpwspeciesdata_metadata.json
2025-03-05 19:38:10,539 - INFO - Found 7 fields in layer 231 of cpwspeciesdata_metadata.json
2025-03-05 19:38:10,539 - INFO - Found 7 fields in layer 232 of cpwspeciesdata_metadata.json
2025-03-05 19:38:10,539 - INFO - Found 7 fields in layer 233 of cpwspeciesdata_metadata.json
2025-03-05 19:38:10,539 - INFO - Found 7 fields in layer 234 of cpwspeciesdata_metadata.json
2025-03-05 19:38:10,539 - INFO - Found 7 fields in layer 235 of cpwspeciesdata_metadata.json
2025-03-05 19:38:10,539 - INFO - Found 7 fields in layer 236 of cpwspeciesdata_metadata.json
2025-03-05 19:38:10,539 - INFO - Found 7 fields in layer 237 of cpwspeciesdata_metadata.json
2025-03-05 19:38:10,539 - INFO - Found 7 fields in layer 238 of cpwspeciesdata_metadata.json
2025-03-05 19:38:10,539 - INFO - Found 7 fields in layer 239 of cpwspeciesdata_metadata.json
2025-03-05 19:38:10,539 - INFO - Found 7 fields in layer 240 of cpwspeciesdata_metadata.json
2025-03-05 19:38:10,539 - INFO - Found 7 fields in layer 241 of cpwspeciesdata_metadata.json
2025-03-05 19:38:10,539 - INFO - Found 7 fields in layer 242 of cpwspeciesdata_metadata.json
2025-03-05 19:38:10,539 - INFO - Found 7 fields in layer 243 of cpwspeciesdata_metadata.json
2025-03-05 19:38:10,539 - INFO - Found 7 fields in layer 244 of cpwspeciesdata_metadata.json
2025-03-05 19:38:10,539 - INFO - Found 7 fields in layer 245 of cpwspeciesdata_metadata.json
2025-03-05 19:38:10,539 - INFO - Found 7 fields in layer 246 of cpwspeciesdata_metadata.json
2025-03-05 19:38:10,539 - INFO - Found 7 fields in layer 247 of cpwspeciesdata_metadata.json
2025-03-05 19:38:10,540 - INFO - Found 7 fields in layer 248 of cpwspeciesdata_metadata.json
2025-03-05 19:38:10,540 - INFO - Found 7 fields in layer 249 of cpwspeciesdata_metadata.json
2025-03-05 19:38:10,540 - INFO - Found 7 fields in layer 250 of cpwspeciesdata_metadata.json
2025-03-05 19:38:10,540 - INFO - Found 7 fields in layer 251 of cpwspeciesdata_metadata.json
2025-03-05 19:38:10,540 - INFO - Found 7 fields in layer 252 of cpwspeciesdata_metadata.json
2025-03-05 19:38:10,540 - INFO - Found 7 fields in layer 253 of cpwspeciesdata_metadata.json
2025-03-05 19:38:10,540 - INFO - Found 7 fields in layer 254 of cpwspeciesdata_metadata.json
2025-03-05 19:38:10,540 - INFO - Found 7 fields in layer 255 of cpwspeciesdata_metadata.json
2025-03-05 19:38:10,540 - INFO - Found 7 fields in layer 256 of cpwspeciesdata_metadata.json
2025-03-05 19:38:10,540 - INFO - Found 7 fields in layer 257 of cpwspeciesdata_metadata.json
2025-03-05 19:38:10,540 - INFO - Found 7 fields in layer 258 of cpwspeciesdata_metadata.json
2025-03-05 19:38:10,540 - INFO - Found 7 fields in layer 259 of cpwspeciesdata_metadata.json
2025-03-05 19:38:10,540 - INFO - Found 7 fields in layer 260 of cpwspeciesdata_metadata.json
2025-03-05 19:38:10,540 - INFO - Found 7 fields in layer 261 of cpwspeciesdata_metadata.json
2025-03-05 19:38:10,540 - INFO - Found 7 fields in layer 262 of cpwspeciesdata_metadata.json
2025-03-05 19:38:10,540 - INFO - Found 7 fields in layer 263 of cpwspeciesdata_metadata.json
2025-03-05 19:38:10,540 - INFO - Found 7 fields in layer 264 of cpwspeciesdata_metadata.json
2025-03-05 19:38:10,540 - INFO - Found 7 fields in layer 265 of cpwspeciesdata_metadata.json
2025-03-05 19:38:10,540 - INFO - Found 7 fields in layer 266 of cpwspeciesdata_metadata.json
2025-03-05 19:38:10,540 - INFO - Found 7 fields in layer 267 of cpwspeciesdata_metadata.json
2025-03-05 19:38:10,540 - INFO - Found 7 fields in layer 268 of cpwspeciesdata_metadata.json
2025-03-05 19:38:10,540 - INFO - Found 7 fields in layer 269 of cpwspeciesdata_metadata.json
2025-03-05 19:38:10,540 - INFO - Found 7 fields in layer 270 of cpwspeciesdata_metadata.json
2025-03-05 19:38:10,540 - INFO - Found 7 fields in layer 271 of cpwspeciesdata_metadata.json
2025-03-05 19:38:10,540 - INFO - Found 7 fields in layer 272 of cpwspeciesdata_metadata.json
2025-03-05 19:38:10,540 - INFO - Found 7 fields in layer 273 of cpwspeciesdata_metadata.json
2025-03-05 19:38:10,540 - INFO - Found 7 fields in layer 274 of cpwspeciesdata_metadata.json
2025-03-05 19:38:10,540 - INFO - Found 7 fields in layer 275 of cpwspeciesdata_metadata.json
2025-03-05 19:38:10,540 - INFO - Found 7 fields in layer 276 of cpwspeciesdata_metadata.json
2025-03-05 19:38:10,540 - INFO - Found 7 fields in layer 277 of cpwspeciesdata_metadata.json
2025-03-05 19:38:10,540 - INFO - Found 7 fields in layer 278 of cpwspeciesdata_metadata.json
2025-03-05 19:38:10,540 - INFO - Found 7 fields in layer 279 of cpwspeciesdata_metadata.json
2025-03-05 19:38:10,540 - INFO - Found 7 fields in layer 280 of cpwspeciesdata_metadata.json
2025-03-05 19:38:10,540 - INFO - Found 7 fields in layer 281 of cpwspeciesdata_metadata.json
2025-03-05 19:38:10,540 - INFO - Found 7 fields in layer 282 of cpwspeciesdata_metadata.json
2025-03-05 19:38:10,541 - INFO - Found 7 fields in layer 283 of cpwspeciesdata_metadata.json
2025-03-05 19:38:10,541 - INFO - Found 7 fields in layer 284 of cpwspeciesdata_metadata.json
2025-03-05 19:38:10,541 - INFO - Found 7 fields in layer 285 of cpwspeciesdata_metadata.json
2025-03-05 19:38:10,541 - INFO - Found 7 fields in layer 286 of cpwspeciesdata_metadata.json
2025-03-05 19:38:10,541 - INFO - Found 7 fields in layer 287 of cpwspeciesdata_metadata.json
2025-03-05 19:38:10,541 - INFO - Found 7 fields in layer 288 of cpwspeciesdata_metadata.json
2025-03-05 19:38:10,541 - INFO - Found 7 fields in layer 289 of cpwspeciesdata_metadata.json
2025-03-05 19:38:10,541 - INFO - Found 7 fields in layer 290 of cpwspeciesdata_metadata.json
2025-03-05 19:38:10,541 - INFO - Found 7 fields in layer 291 of cpwspeciesdata_metadata.json
2025-03-05 19:38:10,541 - INFO - Found 7 fields in layer 292 of cpwspeciesdata_metadata.json
2025-03-05 19:38:10,541 - INFO - Found 7 fields in layer 293 of cpwspeciesdata_metadata.json
2025-03-05 19:38:10,541 - INFO - Found 7 fields in layer 294 of cpwspeciesdata_metadata.json
2025-03-05 19:38:10,541 - INFO - Found 7 fields in layer 295 of cpwspeciesdata_metadata.json
2025-03-05 19:38:10,541 - INFO - Found 7 fields in layer 296 of cpwspeciesdata_metadata.json
2025-03-05 19:38:10,541 - INFO - Found 7 fields in layer 297 of cpwspeciesdata_metadata.json
2025-03-05 19:38:10,541 - INFO - Found 6 fields in layer 298 of cpwspeciesdata_metadata.json
2025-03-05 19:38:10,541 - INFO - Found 7 fields in layer 299 of cpwspeciesdata_metadata.json
2025-03-05 19:38:10,541 - INFO - Found 7 fields in layer 300 of cpwspeciesdata_metadata.json
2025-03-05 19:38:10,541 - INFO - Found 7 fields in layer 301 of cpwspeciesdata_metadata.json
2025-03-05 19:38:10,541 - INFO - Found 6 fields in layer 302 of cpwspeciesdata_metadata.json
2025-03-05 19:38:10,541 - INFO - Found 7 fields in layer 303 of cpwspeciesdata_metadata.json
2025-03-05 19:38:10,541 - INFO - Found 7 fields in layer 304 of cpwspeciesdata_metadata.json
2025-03-05 19:38:10,541 - INFO - Found 7 fields in layer 305 of cpwspeciesdata_metadata.json
2025-03-05 19:38:10,541 - INFO - Found 7 fields in layer 306 of cpwspeciesdata_metadata.json
2025-03-05 19:38:10,541 - INFO - Found 7 fields in layer 307 of cpwspeciesdata_metadata.json
2025-03-05 19:38:10,541 - INFO - Found 7 fields in layer 308 of cpwspeciesdata_metadata.json
2025-03-05 19:38:10,541 - INFO - Found 7 fields in layer 309 of cpwspeciesdata_metadata.json
2025-03-05 19:38:10,541 - INFO - Found 6 fields in layer 310 of cpwspeciesdata_metadata.json
2025-03-05 19:38:10,541 - INFO - Found 9 fields in layer 311 of cpwspeciesdata_metadata.json
2025-03-05 19:38:10,541 - INFO - Found 6 fields in layer 312 of cpwspeciesdata_metadata.json
2025-03-05 19:38:10,541 - INFO - Extracted 41 unique parameters from cpwspeciesdata_metadata.json
2025-03-05 19:38:10,543 - INFO - Found 1 layers in area_curfews_metadata.json
2025-03-05 19:38:10,543 - INFO - Found 12 fields in layer 0 of area_curfews_metadata.json
2025-03-05 19:38:10,543 - INFO - Extracted 12 unique parameters from area_curfews_metadata.json
2025-03-05 19:38:10,543 - INFO - Found 0 layers in ms4_area_metadata.json
2025-03-05 19:38:10,543 - INFO - Extracted 0 unique parameters from ms4_area_metadata.json
2025-03-05 19:38:10,543 - WARNING - No parameters found in MetaDataArcGis/ms4_area_metadata.json
2025-03-05 19:38:10,543 - INFO - Found 1 layers in hazmat_city_requirements_for_gas_diesel_liquefied_petroleum_gas_metadata.json
2025-03-05 19:38:10,544 - INFO - Found 3 fields in layer 0 of hazmat_city_requirements_for_gas_diesel_liquefied_petroleum_gas_metadata.json
2025-03-05 19:38:10,544 - INFO - Extracted 3 unique parameters from hazmat_city_requirements_for_gas_diesel_liquefied_petroleum_gas_metadata.json
2025-03-05 19:38:10,544 - INFO - Found 1 layers in longer_vehicle_combination_lvc_designated_routes_metadata.json
2025-03-05 19:38:10,544 - INFO - Found 8 fields in layer 0 of longer_vehicle_combination_lvc_designated_routes_metadata.json
2025-03-05 19:38:10,544 - INFO - Extracted 8 unique parameters from longer_vehicle_combination_lvc_designated_routes_metadata.json
2025-03-05 19:38:10,544 - INFO - Found 0 layers in cdot_right_of_way_row_boundaries_metadata.json
2025-03-05 19:38:10,544 - INFO - Extracted 0 unique parameters from cdot_right_of_way_row_boundaries_metadata.json
2025-03-05 19:38:10,544 - WARNING - No parameters found in MetaDataArcGis/cdot_right_of_way_row_boundaries_metadata.json
2025-03-05 19:38:10,545 - INFO - Found 0 layers in potential_fen_wetlands_metadata.json
2025-03-05 19:38:10,545 - INFO - Extracted 0 unique parameters from potential_fen_wetlands_metadata.json
2025-03-05 19:38:10,545 - WARNING - No parameters found in MetaDataArcGis/potential_fen_wetlands_metadata.json
2025-03-05 19:38:10,545 - INFO - Found 1 layers in maintenance_regions_metadata.json
2025-03-05 19:38:10,545 - INFO - Found 5 fields in layer 0 of maintenance_regions_metadata.json
2025-03-05 19:38:10,545 - INFO - Extracted 5 unique parameters from maintenance_regions_metadata.json
2025-03-05 19:38:10,545 - INFO - Found 1 layers in intercity_bus_atlas_routes_metadata.json
2025-03-05 19:38:10,545 - INFO - Found 18 fields in layer 0 of intercity_bus_atlas_routes_metadata.json
2025-03-05 19:38:10,545 - INFO - Extracted 18 unique parameters from intercity_bus_atlas_routes_metadata.json
2025-03-05 19:38:10,546 - INFO - Found 0 layers in cdot_right_of_way_row_project_archive_metadata.json
2025-03-05 19:38:10,546 - INFO - Extracted 0 unique parameters from cdot_right_of_way_row_project_archive_metadata.json
2025-03-05 19:38:10,546 - WARNING - No parameters found in MetaDataArcGis/cdot_right_of_way_row_project_archive_metadata.json
2025-03-05 19:38:10,546 - INFO - Found 1 layers in dual_carriageways_metadata.json
2025-03-05 19:38:10,546 - INFO - Found 9 fields in layer 0 of dual_carriageways_metadata.json
2025-03-05 19:38:10,546 - INFO - Extracted 9 unique parameters from dual_carriageways_metadata.json
2025-03-05 19:38:10,547 - INFO - Found 3 layers in national_weather_service_precipitation_forecast_metadata.json
2025-03-05 19:38:10,547 - INFO - Found 7 fields in layer 0 of national_weather_service_precipitation_forecast_metadata.json
2025-03-05 19:38:10,548 - INFO - Found 7 fields in layer 1 of national_weather_service_precipitation_forecast_metadata.json
2025-03-05 19:38:10,548 - INFO - Found 7 fields in layer 2 of national_weather_service_precipitation_forecast_metadata.json
2025-03-05 19:38:10,548 - INFO - Extracted 7 unique parameters from national_weather_service_precipitation_forecast_metadata.json
2025-03-05 19:38:10,548 - INFO - Found 1 layers in usa_census_counties_metadata.json
2025-03-05 19:38:10,548 - INFO - Found 12 fields in layer 0 of usa_census_counties_metadata.json
2025-03-05 19:38:10,548 - INFO - Extracted 12 unique parameters from usa_census_counties_metadata.json
2025-03-05 19:38:10,548 - INFO - Found 1 layers in bikeshare_metadata.json
2025-03-05 19:38:10,548 - INFO - Found 53 fields in layer 0 of bikeshare_metadata.json
2025-03-05 19:38:10,548 - INFO - Extracted 53 unique parameters from bikeshare_metadata.json
2025-03-05 19:38:10,549 - INFO - Found 1 layers in co_coverage_hex_public_metadata.json
2025-03-05 19:38:10,549 - INFO - Found 9 fields in layer 0 of co_coverage_hex_public_metadata.json
2025-03-05 19:38:10,549 - INFO - Extracted 9 unique parameters from co_coverage_hex_public_metadata.json
2025-03-05 19:38:10,549 - INFO - Found 1 layers in chain_law_metadata.json
2025-03-05 19:38:10,549 - INFO - Found 10 fields in layer 0 of chain_law_metadata.json
2025-03-05 19:38:10,549 - INFO - Extracted 10 unique parameters from chain_law_metadata.json
2025-03-05 19:38:10,549 - INFO - Found 1 layers in winter_restrictions_metadata.json
2025-03-05 19:38:10,549 - INFO - Found 11 fields in layer 0 of winter_restrictions_metadata.json
2025-03-05 19:38:10,549 - INFO - Extracted 11 unique parameters from winter_restrictions_metadata.json
2025-03-05 19:38:10,550 - INFO - Found 0 layers in cdec_colorado_licensed_childcare_providers_metadata.json
2025-03-05 19:38:10,550 - INFO - Extracted 0 unique parameters from cdec_colorado_licensed_childcare_providers_metadata.json
2025-03-05 19:38:10,550 - WARNING - No parameters found in MetaDataArcGis/cdec_colorado_licensed_childcare_providers_metadata.json
2025-03-05 19:38:10,551 - INFO - Found 1 layers in cdphe_health_facilities_metadata.json
2025-03-05 19:38:10,551 - INFO - Found 18 fields in layer 0 of cdphe_health_facilities_metadata.json
2025-03-05 19:38:10,551 - INFO - Extracted 18 unique parameters from cdphe_health_facilities_metadata.json
2025-03-05 19:38:10,551 - INFO - Found 1 layers in routes_metadata.json
2025-03-05 19:38:10,551 - INFO - Found 3 fields in layer 0 of routes_metadata.json
2025-03-05 19:38:10,551 - INFO - Extracted 3 unique parameters from routes_metadata.json
2025-03-05 19:38:10,551 - INFO - Found 1 layers in bridges_vertical_clearances_metadata.json
2025-03-05 19:38:10,551 - INFO - Found 23 fields in layer 0 of bridges_vertical_clearances_metadata.json
2025-03-05 19:38:10,551 - INFO - Extracted 23 unique parameters from bridges_vertical_clearances_metadata.json
2025-03-05 19:38:10,552 - INFO - Found 1 layers in drcog_municipalities_metadata.json
2025-03-05 19:38:10,552 - INFO - Found 7 fields in layer 0 of drcog_municipalities_metadata.json
2025-03-05 19:38:10,552 - INFO - Extracted 7 unique parameters from drcog_municipalities_metadata.json
2025-03-05 19:38:10,552 - INFO - Found 1 layers in ppacg_mpo_boundary_metadata.json
2025-03-05 19:38:10,552 - INFO - Found 8 fields in layer 0 of ppacg_mpo_boundary_metadata.json
2025-03-05 19:38:10,552 - INFO - Extracted 8 unique parameters from ppacg_mpo_boundary_metadata.json
2025-03-05 19:38:10,552 - INFO - Found 0 layers in highways_functional_class_metadata.json
2025-03-05 19:38:10,552 - INFO - Extracted 0 unique parameters from highways_functional_class_metadata.json
2025-03-05 19:38:10,552 - WARNING - No parameters found in MetaDataArcGis/highways_functional_class_metadata.json
2025-03-05 19:38:10,553 - INFO - Found 1 layers in water_and_sanitation_districts_metadata.json
2025-03-05 19:38:10,553 - INFO - Found 17 fields in layer 0 of water_and_sanitation_districts_metadata.json
2025-03-05 19:38:10,553 - INFO - Extracted 17 unique parameters from water_and_sanitation_districts_metadata.json
2025-03-05 19:38:10,553 - INFO - Found 1 layers in usa_structures_metadata.json
2025-03-05 19:38:10,553 - INFO - Found 30 fields in layer 0 of usa_structures_metadata.json
2025-03-05 19:38:10,553 - INFO - Extracted 30 unique parameters from usa_structures_metadata.json
2025-03-05 19:38:10,553 - INFO - Found 0 layers in colorado_american_indian_area_geography_metadata.json
2025-03-05 19:38:10,553 - INFO - Extracted 0 unique parameters from colorado_american_indian_area_geography_metadata.json
2025-03-05 19:38:10,553 - WARNING - No parameters found in MetaDataArcGis/colorado_american_indian_area_geography_metadata.json
2025-03-05 19:38:10,554 - INFO - Found 1 layers in unresolved_library_service_areas_metadata.json
2025-03-05 19:38:10,554 - INFO - Found 5 fields in layer 0 of unresolved_library_service_areas_metadata.json
2025-03-05 19:38:10,554 - INFO - Extracted 5 unique parameters from unresolved_library_service_areas_metadata.json
2025-03-05 19:38:10,554 - INFO - Found 0 layers in cdphe_cdoe_school_district_boundaries_metadata.json
2025-03-05 19:38:10,554 - INFO - Extracted 0 unique parameters from cdphe_cdoe_school_district_boundaries_metadata.json
2025-03-05 19:38:10,554 - WARNING - No parameters found in MetaDataArcGis/cdphe_cdoe_school_district_boundaries_metadata.json
2025-03-05 19:38:10,554 - INFO - Found 1 layers in epc_road_centerlines_metadata.json
2025-03-05 19:38:10,554 - INFO - Found 23 fields in layer 0 of epc_road_centerlines_metadata.json
2025-03-05 19:38:10,554 - INFO - Extracted 23 unique parameters from epc_road_centerlines_metadata.json
2025-03-05 19:38:10,555 - INFO - Found 1 layers in coalpermitboundaries_publicview_metadata.json
2025-03-05 19:38:10,555 - INFO - Found 12 fields in layer 0 of coalpermitboundaries_publicview_metadata.json
2025-03-05 19:38:10,555 - INFO - Extracted 12 unique parameters from coalpermitboundaries_publicview_metadata.json
2025-03-05 19:38:10,555 - INFO - Found 1 layers in senate_members_2021_districts_metadata.json
2025-03-05 19:38:10,555 - INFO - Found 51 fields in layer 0 of senate_members_2021_districts_metadata.json
2025-03-05 19:38:10,555 - INFO - Extracted 51 unique parameters from senate_members_2021_districts_metadata.json
2025-03-05 19:38:10,556 - INFO - Found 1 layers in aviation_facilities_metadata.json
2025-03-05 19:38:10,556 - INFO - Found 91 fields in layer 0 of aviation_facilities_metadata.json
2025-03-05 19:38:10,556 - INFO - Extracted 91 unique parameters from aviation_facilities_metadata.json
2025-03-05 19:38:10,556 - INFO - Found 1 layers in runways_metadata.json
2025-03-05 19:38:10,556 - INFO - Found 35 fields in layer 0 of runways_metadata.json
2025-03-05 19:38:10,556 - INFO - Extracted 35 unique parameters from runways_metadata.json
2025-03-05 19:38:10,556 - INFO - Found 0 layers in noxious_weeds_2016_metadata.json
2025-03-05 19:38:10,556 - INFO - Extracted 0 unique parameters from noxious_weeds_2016_metadata.json
2025-03-05 19:38:10,556 - WARNING - No parameters found in MetaDataArcGis/noxious_weeds_2016_metadata.json
2025-03-05 19:38:10,557 - INFO - Found 0 layers in outdoor_advertising_metadata.json
2025-03-05 19:38:10,557 - INFO - Extracted 0 unique parameters from outdoor_advertising_metadata.json
2025-03-05 19:38:10,557 - WARNING - No parameters found in MetaDataArcGis/outdoor_advertising_metadata.json
2025-03-05 19:38:10,558 - INFO - Found 0 layers in noise_barriers_metadata.json
2025-03-05 19:38:10,558 - INFO - Extracted 0 unique parameters from noise_barriers_metadata.json
2025-03-05 19:38:10,558 - WARNING - No parameters found in MetaDataArcGis/noise_barriers_metadata.json
2025-03-05 19:38:10,558 - INFO - Found 0 layers in project_wetlands_metadata.json
2025-03-05 19:38:10,558 - INFO - Extracted 0 unique parameters from project_wetlands_metadata.json
2025-03-05 19:38:10,558 - WARNING - No parameters found in MetaDataArcGis/project_wetlands_metadata.json
2025-03-05 19:38:10,558 - INFO - Found 0 layers in scenic_byways_metadata.json
2025-03-05 19:38:10,558 - INFO - Extracted 0 unique parameters from scenic_byways_metadata.json
2025-03-05 19:38:10,559 - WARNING - No parameters found in MetaDataArcGis/scenic_byways_metadata.json
2025-03-05 19:38:10,559 - INFO - Found 1 layers in opportunityzoningcertified_metadata.json
2025-03-05 19:38:10,559 - INFO - Found 18 fields in layer 0 of opportunityzoningcertified_metadata.json
2025-03-05 19:38:10,559 - INFO - Extracted 18 unique parameters from opportunityzoningcertified_metadata.json
2025-03-05 19:38:10,559 - INFO - Found 0 layers in maintenance_yards_metadata.json
2025-03-05 19:38:10,559 - INFO - Extracted 0 unique parameters from maintenance_yards_metadata.json
2025-03-05 19:38:10,559 - WARNING - No parameters found in MetaDataArcGis/maintenance_yards_metadata.json
2025-03-05 19:38:10,560 - INFO - Found 2 layers in national_weather_service_3day_min_max_temperature_forecast_metadata.json
2025-03-05 19:38:10,560 - INFO - Found 7 fields in layer 0 of national_weather_service_3day_min_max_temperature_forecast_metadata.json
2025-03-05 19:38:10,560 - INFO - Found 7 fields in layer 1 of national_weather_service_3day_min_max_temperature_forecast_metadata.json
2025-03-05 19:38:10,560 - INFO - Extracted 7 unique parameters from national_weather_service_3day_min_max_temperature_forecast_metadata.json
2025-03-05 19:38:10,560 - INFO - Found 1 layers in usa_department_of_defense_lands_metadata.json
2025-03-05 19:38:10,560 - INFO - Found 6 fields in layer 0 of usa_department_of_defense_lands_metadata.json
2025-03-05 19:38:10,560 - INFO - Extracted 6 unique parameters from usa_department_of_defense_lands_metadata.json
2025-03-05 19:38:10,561 - INFO - Found 3 layers in blm_colorado_roads_and_trails_metadata.json
2025-03-05 19:38:10,561 - INFO - Found 47 fields in layer 0 of blm_colorado_roads_and_trails_metadata.json
2025-03-05 19:38:10,561 - INFO - Found 47 fields in layer 1 of blm_colorado_roads_and_trails_metadata.json
2025-03-05 19:38:10,561 - INFO - Found 47 fields in layer 2 of blm_colorado_roads_and_trails_metadata.json
2025-03-05 19:38:10,561 - INFO - Extracted 47 unique parameters from blm_colorado_roads_and_trails_metadata.json
2025-03-05 19:38:10,562 - INFO - Found 0 layers in noxious_weeds_2017_metadata.json
2025-03-05 19:38:10,562 - INFO - Extracted 0 unique parameters from noxious_weeds_2017_metadata.json
2025-03-05 19:38:10,562 - WARNING - No parameters found in MetaDataArcGis/noxious_weeds_2017_metadata.json
2025-03-05 19:38:10,562 - INFO - Found 0 layers in ramps_metadata.json
2025-03-05 19:38:10,562 - INFO - Extracted 0 unique parameters from ramps_metadata.json
2025-03-05 19:38:10,562 - WARNING - No parameters found in MetaDataArcGis/ramps_metadata.json
2025-03-05 19:38:10,562 - INFO - Found 0 layers in bridges_and_major_culverts_metadata.json
2025-03-05 19:38:10,562 - INFO - Extracted 0 unique parameters from bridges_and_major_culverts_metadata.json
2025-03-05 19:38:10,562 - WARNING - No parameters found in MetaDataArcGis/bridges_and_major_culverts_metadata.json
2025-03-05 19:38:10,562 - INFO - Found 0 layers in cdphe_community_behavioral_health_centers_metadata.json
2025-03-05 19:38:10,562 - INFO - Extracted 0 unique parameters from cdphe_community_behavioral_health_centers_metadata.json
2025-03-05 19:38:10,562 - WARNING - No parameters found in MetaDataArcGis/cdphe_community_behavioral_health_centers_metadata.json
2025-03-05 19:38:10,563 - INFO - Found 7 layers in national_weather_service_wind_forecast_metadata.json
2025-03-05 19:38:10,563 - INFO - Found 8 fields in layer 0 of national_weather_service_wind_forecast_metadata.json
2025-03-05 19:38:10,563 - INFO - Found 8 fields in layer 1 of national_weather_service_wind_forecast_metadata.json
2025-03-05 19:38:10,563 - INFO - Found 8 fields in layer 2 of national_weather_service_wind_forecast_metadata.json
2025-03-05 19:38:10,563 - INFO - Found 8 fields in layer 3 of national_weather_service_wind_forecast_metadata.json
2025-03-05 19:38:10,563 - INFO - Found 8 fields in layer 4 of national_weather_service_wind_forecast_metadata.json
2025-03-05 19:38:10,564 - INFO - Found 8 fields in layer 5 of national_weather_service_wind_forecast_metadata.json
2025-03-05 19:38:10,564 - INFO - Found 8 fields in layer 6 of national_weather_service_wind_forecast_metadata.json
2025-03-05 19:38:10,564 - INFO - Extracted 8 unique parameters from national_weather_service_wind_forecast_metadata.json
2025-03-05 19:38:10,564 - INFO - Found 1 layers in library_districts_metadata.json
2025-03-05 19:38:10,564 - INFO - Found 17 fields in layer 0 of library_districts_metadata.json
2025-03-05 19:38:10,564 - INFO - Extracted 17 unique parameters from library_districts_metadata.json
2025-03-05 19:38:10,564 - INFO - Found 1 layers in usa_telephone_area_code_boundaries_metadata.json
2025-03-05 19:38:10,564 - INFO - Found 6 fields in layer 0 of usa_telephone_area_code_boundaries_metadata.json
2025-03-05 19:38:10,564 - INFO - Extracted 6 unique parameters from usa_telephone_area_code_boundaries_metadata.json
2025-03-05 19:38:10,565 - INFO - Found 0 layers in highways_drivability_life_metadata.json
2025-03-05 19:38:10,565 - INFO - Extracted 0 unique parameters from highways_drivability_life_metadata.json
2025-03-05 19:38:10,565 - WARNING - No parameters found in MetaDataArcGis/highways_drivability_life_metadata.json
2025-03-05 19:38:10,565 - INFO - Found 5 layers in usa_storm_reports_metadata.json
2025-03-05 19:38:10,565 - INFO - Found 9 fields in layer 0 of usa_storm_reports_metadata.json
2025-03-05 19:38:10,565 - INFO - Found 9 fields in layer 1 of usa_storm_reports_metadata.json
2025-03-05 19:38:10,565 - INFO - Found 9 fields in layer 2 of usa_storm_reports_metadata.json
2025-03-05 19:38:10,566 - INFO - Found 9 fields in layer 3 of usa_storm_reports_metadata.json
2025-03-05 19:38:10,566 - INFO - Found 19 fields in layer 4 of usa_storm_reports_metadata.json
2025-03-05 19:38:10,566 - INFO - Extracted 23 unique parameters from usa_storm_reports_metadata.json
2025-03-05 19:38:10,568 - INFO - Found 24 layers in university_of_colorado_boulder_campus_map_metadata.json
2025-03-05 19:38:10,568 - INFO - Found 34 fields in layer 0 of university_of_colorado_boulder_campus_map_metadata.json
2025-03-05 19:38:10,568 - INFO - Found 22 fields in layer 1 of university_of_colorado_boulder_campus_map_metadata.json
2025-03-05 19:38:10,568 - INFO - Found 17 fields in layer 2 of university_of_colorado_boulder_campus_map_metadata.json
2025-03-05 19:38:10,568 - INFO - Found 8 fields in layer 3 of university_of_colorado_boulder_campus_map_metadata.json
2025-03-05 19:38:10,568 - INFO - Found 9 fields in layer 4 of university_of_colorado_boulder_campus_map_metadata.json
2025-03-05 19:38:10,568 - INFO - Found 8 fields in layer 5 of university_of_colorado_boulder_campus_map_metadata.json
2025-03-05 19:38:10,568 - INFO - Found 8 fields in layer 6 of university_of_colorado_boulder_campus_map_metadata.json
2025-03-05 19:38:10,568 - INFO - Found 6 fields in layer 7 of university_of_colorado_boulder_campus_map_metadata.json
2025-03-05 19:38:10,568 - INFO - Found 23 fields in layer 8 of university_of_colorado_boulder_campus_map_metadata.json
2025-03-05 19:38:10,568 - INFO - Found 9 fields in layer 9 of university_of_colorado_boulder_campus_map_metadata.json
2025-03-05 19:38:10,568 - INFO - Found 6 fields in layer 10 of university_of_colorado_boulder_campus_map_metadata.json
2025-03-05 19:38:10,568 - INFO - Found 7 fields in layer 11 of university_of_colorado_boulder_campus_map_metadata.json
2025-03-05 19:38:10,568 - INFO - Found 5 fields in layer 12 of university_of_colorado_boulder_campus_map_metadata.json
2025-03-05 19:38:10,568 - INFO - Found 3 fields in layer 13 of university_of_colorado_boulder_campus_map_metadata.json
2025-03-05 19:38:10,568 - INFO - Found 9 fields in layer 14 of university_of_colorado_boulder_campus_map_metadata.json
2025-03-05 19:38:10,568 - INFO - Found 6 fields in layer 15 of university_of_colorado_boulder_campus_map_metadata.json
2025-03-05 19:38:10,568 - INFO - Found 10 fields in layer 16 of university_of_colorado_boulder_campus_map_metadata.json
2025-03-05 19:38:10,568 - INFO - Found 7 fields in layer 17 of university_of_colorado_boulder_campus_map_metadata.json
2025-03-05 19:38:10,568 - INFO - Found 9 fields in layer 18 of university_of_colorado_boulder_campus_map_metadata.json
2025-03-05 19:38:10,568 - INFO - Found 22 fields in layer 19 of university_of_colorado_boulder_campus_map_metadata.json
2025-03-05 19:38:10,569 - INFO - Found 6 fields in layer 20 of university_of_colorado_boulder_campus_map_metadata.json
2025-03-05 19:38:10,569 - INFO - Found 22 fields in layer 21 of university_of_colorado_boulder_campus_map_metadata.json
2025-03-05 19:38:10,569 - INFO - Found 14 fields in layer 22 of university_of_colorado_boulder_campus_map_metadata.json
2025-03-05 19:38:10,569 - INFO - Found 8 fields in layer 23 of university_of_colorado_boulder_campus_map_metadata.json
2025-03-05 19:38:10,569 - INFO - Extracted 141 unique parameters from university_of_colorado_boulder_campus_map_metadata.json
2025-03-05 19:38:10,569 - INFO - Found 1 layers in census_zip_code_tabulation_areas_metadata.json
2025-03-05 19:38:10,569 - INFO - Found 27 fields in layer 0 of census_zip_code_tabulation_areas_metadata.json
2025-03-05 19:38:10,569 - INFO - Extracted 27 unique parameters from census_zip_code_tabulation_areas_metadata.json
2025-03-05 19:38:10,570 - INFO - Found 1 layers in national_inventory_of_dams_metadata.json
2025-03-05 19:38:10,570 - INFO - Found 71 fields in layer 0 of national_inventory_of_dams_metadata.json
2025-03-05 19:38:10,570 - INFO - Extracted 71 unique parameters from national_inventory_of_dams_metadata.json
2025-03-05 19:38:10,570 - INFO - Found 1 layers in hazmat_county_requirements_for_gas_diesel_liquefied_petroleum_gas_metadata.json
2025-03-05 19:38:10,570 - INFO - Found 5 fields in layer 0 of hazmat_county_requirements_for_gas_diesel_liquefied_petroleum_gas_metadata.json
2025-03-05 19:38:10,570 - INFO - Extracted 5 unique parameters from hazmat_county_requirements_for_gas_diesel_liquefied_petroleum_gas_metadata.json
2025-03-05 19:38:10,571 - INFO - Found 1 layers in national_risk_index_census_tracts_metadata.json
2025-03-05 19:38:10,571 - INFO - Found 470 fields in layer 0 of national_risk_index_census_tracts_metadata.json
2025-03-05 19:38:10,572 - INFO - Extracted 470 unique parameters from national_risk_index_census_tracts_metadata.json
2025-03-05 19:38:10,572 - INFO - Found 1 layers in game_management_units_gmus__cpw_metadata.json
2025-03-05 19:38:10,572 - INFO - Found 18 fields in layer 0 of game_management_units_gmus__cpw_metadata.json
2025-03-05 19:38:10,572 - INFO - Extracted 18 unique parameters from game_management_units_gmus__cpw_metadata.json
2025-03-05 19:38:10,573 - INFO - Found 0 layers in wic_clinic_locations_metadata.json
2025-03-05 19:38:10,573 - INFO - Extracted 0 unique parameters from wic_clinic_locations_metadata.json
2025-03-05 19:38:10,573 - WARNING - No parameters found in MetaDataArcGis/wic_clinic_locations_metadata.json
2025-03-05 19:38:10,573 - INFO - Found 0 layers in cdphe_cdoe_school_locations_and_district_office_locations_metadata.json
2025-03-05 19:38:10,573 - INFO - Extracted 0 unique parameters from cdphe_cdoe_school_locations_and_district_office_locations_metadata.json
2025-03-05 19:38:10,573 - WARNING - No parameters found in MetaDataArcGis/cdphe_cdoe_school_locations_and_district_office_locations_metadata.json
2025-03-05 19:38:10,573 - INFO - Found 2 layers in ookla_speedtest_for_global_broadband_performance_metadata.json
2025-03-05 19:38:10,573 - INFO - Found 11 fields in layer 0 of ookla_speedtest_for_global_broadband_performance_metadata.json
2025-03-05 19:38:10,573 - INFO - Found 11 fields in layer 1 of ookla_speedtest_for_global_broadband_performance_metadata.json
2025-03-05 19:38:10,573 - INFO - Extracted 11 unique parameters from ookla_speedtest_for_global_broadband_performance_metadata.json
2025-03-05 19:38:10,574 - INFO - Found 1 layers in military_bases_metadata.json
2025-03-05 19:38:10,574 - INFO - Found 16 fields in layer 0 of military_bases_metadata.json
2025-03-05 19:38:10,574 - INFO - Extracted 16 unique parameters from military_bases_metadata.json
2025-03-05 19:38:10,574 - INFO - Found 1 layers in house_members_2021_districts_metadata.json
2025-03-05 19:38:10,574 - INFO - Found 52 fields in layer 0 of house_members_2021_districts_metadata.json
2025-03-05 19:38:10,574 - INFO - Extracted 52 unique parameters from house_members_2021_districts_metadata.json
2025-03-05 19:38:10,574 - INFO - Found 0 layers in cdphe_air_ambulance_agencies_metadata.json
2025-03-05 19:38:10,574 - INFO - Extracted 0 unique parameters from cdphe_air_ambulance_agencies_metadata.json
2025-03-05 19:38:10,574 - WARNING - No parameters found in MetaDataArcGis/cdphe_air_ambulance_agencies_metadata.json
2025-03-05 19:38:10,575 - INFO - Found 1 layers in cdot_buildings_and_facilities_metadata.json
2025-03-05 19:38:10,575 - INFO - Found 29 fields in layer 0 of cdot_buildings_and_facilities_metadata.json
2025-03-05 19:38:10,575 - INFO - Extracted 29 unique parameters from cdot_buildings_and_facilities_metadata.json
2025-03-05 19:38:10,575 - INFO - Found 0 layers in commission_districts_metadata.json
2025-03-05 19:38:10,575 - INFO - Extracted 0 unique parameters from commission_districts_metadata.json
2025-03-05 19:38:10,575 - WARNING - No parameters found in MetaDataArcGis/commission_districts_metadata.json
2025-03-05 19:38:10,575 - INFO - Found 1 layers in amtrak_train_current_locations_metadata.json
2025-03-05 19:38:10,575 - INFO - Found 26 fields in layer 0 of amtrak_train_current_locations_metadata.json
2025-03-05 19:38:10,575 - INFO - Extracted 26 unique parameters from amtrak_train_current_locations_metadata.json
2025-03-05 19:38:10,576 - INFO - Found 1 layers in fire_protection_districts_metadata.json
2025-03-05 19:38:10,576 - INFO - Found 17 fields in layer 0 of fire_protection_districts_metadata.json
2025-03-05 19:38:10,576 - INFO - Extracted 17 unique parameters from fire_protection_districts_metadata.json
2025-03-05 19:38:10,576 - INFO - Found 1 layers in national_transit_map_stops_metadata.json
2025-03-05 19:38:10,576 - INFO - Found 18 fields in layer 0 of national_transit_map_stops_metadata.json
2025-03-05 19:38:10,576 - INFO - Extracted 18 unique parameters from national_transit_map_stops_metadata.json
2025-03-05 19:38:10,576 - INFO - Found 0 layers in frontage_roads_metadata.json
2025-03-05 19:38:10,576 - INFO - Extracted 0 unique parameters from frontage_roads_metadata.json
2025-03-05 19:38:10,576 - WARNING - No parameters found in MetaDataArcGis/frontage_roads_metadata.json
2025-03-05 19:38:10,577 - INFO - Found 1 layers in utilities_boundaries_metadata.json
2025-03-05 19:38:10,577 - INFO - Found 51 fields in layer 0 of utilities_boundaries_metadata.json
2025-03-05 19:38:10,577 - INFO - Extracted 51 unique parameters from utilities_boundaries_metadata.json
2025-03-05 19:38:10,577 - INFO - Found 1 layers in chain_stations_metadata.json
2025-03-05 19:38:10,577 - INFO - Found 10 fields in layer 0 of chain_stations_metadata.json
2025-03-05 19:38:10,577 - INFO - Extracted 10 unique parameters from chain_stations_metadata.json
2025-03-05 19:38:10,577 - INFO - Found 1 layers in hazardous_and_nuclear_routes_metadata.json
2025-03-05 19:38:10,577 - INFO - Found 9 fields in layer 0 of hazardous_and_nuclear_routes_metadata.json
2025-03-05 19:38:10,577 - INFO - Extracted 9 unique parameters from hazardous_and_nuclear_routes_metadata.json
2025-03-05 19:38:10,578 - INFO - Found 0 layers in projects_all_types__line_metadata.json
2025-03-05 19:38:10,578 - INFO - Extracted 0 unique parameters from projects_all_types__line_metadata.json
2025-03-05 19:38:10,578 - WARNING - No parameters found in MetaDataArcGis/projects_all_types__line_metadata.json
2025-03-05 19:38:10,578 - INFO - Found 2 layers in ppacg_traffic_crashes_20192023_metadata.json
2025-03-05 19:38:10,578 - INFO - Found 60 fields in layer 0 of ppacg_traffic_crashes_20192023_metadata.json
2025-03-05 19:38:10,578 - INFO - Found 16 fields in layer 1 of ppacg_traffic_crashes_20192023_metadata.json
2025-03-05 19:38:10,578 - INFO - Extracted 74 unique parameters from ppacg_traffic_crashes_20192023_metadata.json
2025-03-05 19:38:10,579 - INFO - Found 14 layers in public_imagery_layers_metadata.json
2025-03-05 19:38:10,580 - INFO - Found 11 fields in layer 0 of public_imagery_layers_metadata.json
2025-03-05 19:38:10,580 - INFO - Found 11 fields in layer 1 of public_imagery_layers_metadata.json
2025-03-05 19:38:10,580 - INFO - Found 11 fields in layer 2 of public_imagery_layers_metadata.json
2025-03-05 19:38:10,580 - INFO - Found 11 fields in layer 3 of public_imagery_layers_metadata.json
2025-03-05 19:38:10,580 - INFO - Found 11 fields in layer 4 of public_imagery_layers_metadata.json
2025-03-05 19:38:10,580 - INFO - Found 11 fields in layer 5 of public_imagery_layers_metadata.json
2025-03-05 19:38:10,580 - INFO - Found 5 fields in layer 6 of public_imagery_layers_metadata.json
2025-03-05 19:38:10,580 - INFO - Found 31 fields in layer 7 of public_imagery_layers_metadata.json
2025-03-05 19:38:10,580 - INFO - Found 31 fields in layer 8 of public_imagery_layers_metadata.json
2025-03-05 19:38:10,580 - INFO - Found 31 fields in layer 9 of public_imagery_layers_metadata.json
2025-03-05 19:38:10,580 - INFO - Found 31 fields in layer 10 of public_imagery_layers_metadata.json
2025-03-05 19:38:10,580 - INFO - Found 31 fields in layer 11 of public_imagery_layers_metadata.json
2025-03-05 19:38:10,580 - INFO - Found 35 fields in layer 12 of public_imagery_layers_metadata.json
2025-03-05 19:38:10,580 - INFO - Found 8 fields in layer 13 of public_imagery_layers_metadata.json
2025-03-05 19:38:10,580 - INFO - Extracted 78 unique parameters from public_imagery_layers_metadata.json
2025-03-05 19:38:10,580 - INFO - Found 1 layers in cemetery_districts_metadata.json
2025-03-05 19:38:10,580 - INFO - Found 17 fields in layer 0 of cemetery_districts_metadata.json
2025-03-05 19:38:10,581 - INFO - Extracted 17 unique parameters from cemetery_districts_metadata.json
2025-03-05 19:38:10,582 - INFO - Found 6 layers in historic_streetcar_lines_metadata.json
2025-03-05 19:38:10,582 - INFO - Found 30 fields in layer 0 of historic_streetcar_lines_metadata.json
2025-03-05 19:38:10,582 - INFO - Found 30 fields in layer 1 of historic_streetcar_lines_metadata.json
2025-03-05 19:38:10,582 - INFO - Found 30 fields in layer 2 of historic_streetcar_lines_metadata.json
2025-03-05 19:38:10,582 - INFO - Found 30 fields in layer 3 of historic_streetcar_lines_metadata.json
2025-03-05 19:38:10,582 - INFO - Found 30 fields in layer 4 of historic_streetcar_lines_metadata.json
2025-03-05 19:38:10,582 - INFO - Found 30 fields in layer 5 of historic_streetcar_lines_metadata.json
2025-03-05 19:38:10,582 - INFO - Extracted 30 unique parameters from historic_streetcar_lines_metadata.json
2025-03-05 19:38:10,582 - INFO - Found 1 layers in pilot_escort_and_oversize_restrictions_metadata.json
2025-03-05 19:38:10,582 - INFO - Found 19 fields in layer 0 of pilot_escort_and_oversize_restrictions_metadata.json
2025-03-05 19:38:10,582 - INFO - Extracted 19 unique parameters from pilot_escort_and_oversize_restrictions_metadata.json
2025-03-05 19:38:10,583 - INFO - Found 1 layers in dcfc_stations_metadata.json
2025-03-05 19:38:10,583 - INFO - Found 67 fields in layer 0 of dcfc_stations_metadata.json
2025-03-05 19:38:10,583 - INFO - Extracted 67 unique parameters from dcfc_stations_metadata.json
2025-03-05 19:38:10,583 - INFO - Found 0 layers in tunnels_metadata.json
2025-03-05 19:38:10,584 - INFO - Extracted 0 unique parameters from tunnels_metadata.json
2025-03-05 19:38:10,584 - WARNING - No parameters found in MetaDataArcGis/tunnels_metadata.json
2025-03-05 19:38:10,584 - INFO - Found 0 layers in projects_all_types__point_metadata.json
2025-03-05 19:38:10,584 - INFO - Extracted 0 unique parameters from projects_all_types__point_metadata.json
2025-03-05 19:38:10,584 - WARNING - No parameters found in MetaDataArcGis/projects_all_types__point_metadata.json
2025-03-05 19:38:10,584 - INFO - Found 1 layers in municipal_boundaries_metadata.json
2025-03-05 19:38:10,584 - INFO - Found 11 fields in layer 0 of municipal_boundaries_metadata.json
2025-03-05 19:38:10,584 - INFO - Extracted 11 unique parameters from municipal_boundaries_metadata.json
2025-03-05 19:38:10,585 - INFO - Found 1 layers in hospital_districts_metadata.json
2025-03-05 19:38:10,585 - INFO - Found 17 fields in layer 0 of hospital_districts_metadata.json
2025-03-05 19:38:10,585 - INFO - Extracted 17 unique parameters from hospital_districts_metadata.json
2025-03-05 19:38:10,585 - INFO - Found 2 layers in usa_current_wildfires_metadata.json
2025-03-05 19:38:10,585 - INFO - Found 36 fields in layer 0 of usa_current_wildfires_metadata.json
2025-03-05 19:38:10,585 - INFO - Found 24 fields in layer 1 of usa_current_wildfires_metadata.json
2025-03-05 19:38:10,585 - INFO - Extracted 55 unique parameters from usa_current_wildfires_metadata.json
2025-03-05 19:38:10,586 - INFO - Found 1 layers in ppacg_route_centerlines_metadata.json
2025-03-05 19:38:10,586 - INFO - Found 27 fields in layer 0 of ppacg_route_centerlines_metadata.json
2025-03-05 19:38:10,586 - INFO - Extracted 27 unique parameters from ppacg_route_centerlines_metadata.json
2025-03-05 19:38:10,586 - INFO - Found 1 layers in colorado_shelters_and_warming_locations_metadata.json
2025-03-05 19:38:10,586 - INFO - Found 15 fields in layer 0 of colorado_shelters_and_warming_locations_metadata.json
2025-03-05 19:38:10,586 - INFO - Extracted 15 unique parameters from colorado_shelters_and_warming_locations_metadata.json
2025-03-05 19:38:10,586 - INFO - Found 1 layers in usa_118th_congressional_districts_all_territories_metadata.json
2025-03-05 19:38:10,587 - INFO - Found 12 fields in layer 0 of usa_118th_congressional_districts_all_territories_metadata.json
2025-03-05 19:38:10,587 - INFO - Extracted 12 unique parameters from usa_118th_congressional_districts_all_territories_metadata.json
2025-03-05 19:38:10,587 - INFO - Found 0 layers in highway_interchanges_metadata.json
2025-03-05 19:38:10,587 - INFO - Extracted 0 unique parameters from highway_interchanges_metadata.json
2025-03-05 19:38:10,587 - WARNING - No parameters found in MetaDataArcGis/highway_interchanges_metadata.json
2025-03-05 19:38:10,587 - INFO - Found 1 layers in colorado_works_regional_resources_metadata.json
2025-03-05 19:38:10,587 - INFO - Found 16 fields in layer 0 of colorado_works_regional_resources_metadata.json
2025-03-05 19:38:10,587 - INFO - Extracted 16 unique parameters from colorado_works_regional_resources_metadata.json
2025-03-05 19:38:10,588 - INFO - Found 3 layers in national_hydrography_dataset_plus_version_21_metadata.json
2025-03-05 19:38:10,588 - INFO - Found 11 fields in layer 0 of national_hydrography_dataset_plus_version_21_metadata.json
2025-03-05 19:38:10,588 - INFO - Found 22 fields in layer 1 of national_hydrography_dataset_plus_version_21_metadata.json
2025-03-05 19:38:10,588 - INFO - Found 135 fields in layer 2 of national_hydrography_dataset_plus_version_21_metadata.json
2025-03-05 19:38:10,588 - INFO - Extracted 152 unique parameters from national_hydrography_dataset_plus_version_21_metadata.json
2025-03-05 19:38:10,589 - INFO - Found 1 layers in ppacg_county_10yr_census_population_growth_metadata.json
2025-03-05 19:38:10,589 - INFO - Found 17 fields in layer 0 of ppacg_county_10yr_census_population_growth_metadata.json
2025-03-05 19:38:10,589 - INFO - Extracted 17 unique parameters from ppacg_county_10yr_census_population_growth_metadata.json
2025-03-05 19:38:10,589 - INFO - Found 1 layers in school_districts_metadata.json
2025-03-05 19:38:10,589 - INFO - Found 17 fields in layer 0 of school_districts_metadata.json
2025-03-05 19:38:10,589 - INFO - Extracted 17 unique parameters from school_districts_metadata.json
2025-03-05 19:38:10,589 - INFO - Found 0 layers in milepoints_metadata.json
2025-03-05 19:38:10,589 - INFO - Extracted 0 unique parameters from milepoints_metadata.json
2025-03-05 19:38:10,589 - WARNING - No parameters found in MetaDataArcGis/milepoints_metadata.json
2025-03-05 19:38:10,590 - INFO - Found 0 layers in highways_metadata.json
2025-03-05 19:38:10,590 - INFO - Extracted 0 unique parameters from highways_metadata.json
2025-03-05 19:38:10,590 - WARNING - No parameters found in MetaDataArcGis/highways_metadata.json
2025-03-05 19:38:10,590 - INFO - Found 0 layers in cdphe_colorado_drug_treatment_programs_and_resources_metadata.json
2025-03-05 19:38:10,590 - INFO - Extracted 0 unique parameters from cdphe_colorado_drug_treatment_programs_and_resources_metadata.json
2025-03-05 19:38:10,590 - WARNING - No parameters found in MetaDataArcGis/cdphe_colorado_drug_treatment_programs_and_resources_metadata.json
2025-03-05 19:38:10,590 - INFO - Found 1 layers in state_legislative_districts__upper_houses_metadata.json
2025-03-05 19:38:10,590 - INFO - Found 22 fields in layer 0 of state_legislative_districts__upper_houses_metadata.json
2025-03-05 19:38:10,590 - INFO - Extracted 22 unique parameters from state_legislative_districts__upper_houses_metadata.json
2025-03-05 19:38:10,591 - INFO - Found 0 layers in maintenance_sections_metadata.json
2025-03-05 19:38:10,591 - INFO - Extracted 0 unique parameters from maintenance_sections_metadata.json
2025-03-05 19:38:10,591 - WARNING - No parameters found in MetaDataArcGis/maintenance_sections_metadata.json
2025-03-05 19:38:10,591 - INFO - Found 0 layers in structures_all_types_metadata.json
2025-03-05 19:38:10,592 - INFO - Extracted 0 unique parameters from structures_all_types_metadata.json
2025-03-05 19:38:10,592 - WARNING - No parameters found in MetaDataArcGis/structures_all_types_metadata.json
2025-03-05 19:38:10,592 - INFO - Found 1 layers in superfund_national_priorities_list_npl_sites_with_status_information_metadata.json
2025-03-05 19:38:10,592 - INFO - Found 33 fields in layer 0 of superfund_national_priorities_list_npl_sites_with_status_information_metadata.json
2025-03-05 19:38:10,592 - INFO - Extracted 33 unique parameters from superfund_national_priorities_list_npl_sites_with_status_information_metadata.json
2025-03-05 19:38:10,592 - INFO - Found 1 layers in nevi_corridor_gap_analysis_metadata.json
2025-03-05 19:38:10,592 - INFO - Found 32 fields in layer 0 of nevi_corridor_gap_analysis_metadata.json
2025-03-05 19:38:10,592 - INFO - Extracted 32 unique parameters from nevi_corridor_gap_analysis_metadata.json
2025-03-05 19:38:10,593 - INFO - Found 0 layers in urban_areas__adjusted_2020_metadata.json
2025-03-05 19:38:10,593 - INFO - Extracted 0 unique parameters from urban_areas__adjusted_2020_metadata.json
2025-03-05 19:38:10,593 - WARNING - No parameters found in MetaDataArcGis/urban_areas__adjusted_2020_metadata.json
2025-03-05 19:38:10,593 - INFO - Found 1 layers in municipal_library_districts_metadata.json
2025-03-05 19:38:10,593 - INFO - Found 14 fields in layer 0 of municipal_library_districts_metadata.json
2025-03-05 19:38:10,593 - INFO - Extracted 14 unique parameters from municipal_library_districts_metadata.json
2025-03-05 19:38:10,594 - INFO - Found 0 layers in engineering_regions_metadata.json
2025-03-05 19:38:10,594 - INFO - Extracted 0 unique parameters from engineering_regions_metadata.json
2025-03-05 19:38:10,594 - WARNING - No parameters found in MetaDataArcGis/engineering_regions_metadata.json
2025-03-05 19:38:10,594 - INFO - Found 0 layers in local_roads_metadata.json
2025-03-05 19:38:10,594 - INFO - Extracted 0 unique parameters from local_roads_metadata.json
2025-03-05 19:38:10,594 - WARNING - No parameters found in MetaDataArcGis/local_roads_metadata.json
2025-03-05 19:38:10,594 - INFO - Found 1 layers in parks_and_recreation_districts_metadata.json
2025-03-05 19:38:10,594 - INFO - Found 17 fields in layer 0 of parks_and_recreation_districts_metadata.json
2025-03-05 19:38:10,594 - INFO - Extracted 17 unique parameters from parks_and_recreation_districts_metadata.json
2025-03-05 19:38:10,594 - INFO - Found 0 layers in health_status_in_adults__cdphe_community_level_estimates_census_tracts_metadata.json
2025-03-05 19:38:10,594 - INFO - Extracted 0 unique parameters from health_status_in_adults__cdphe_community_level_estimates_census_tracts_metadata.json
2025-03-05 19:38:10,594 - WARNING - No parameters found in MetaDataArcGis/health_status_in_adults__cdphe_community_level_estimates_census_tracts_metadata.json
2025-03-05 19:38:10,594 - INFO - Found 1 layers in conservation_districts_metadata.json
2025-03-05 19:38:10,594 - INFO - Found 17 fields in layer 0 of conservation_districts_metadata.json
2025-03-05 19:38:10,595 - INFO - Extracted 17 unique parameters from conservation_districts_metadata.json
2025-03-05 19:38:10,595 - INFO - Found 3 layers in national_weather_service_snowfall_forecast_metadata.json
2025-03-05 19:38:10,595 - INFO - Found 7 fields in layer 0 of national_weather_service_snowfall_forecast_metadata.json
2025-03-05 19:38:10,595 - INFO - Found 7 fields in layer 1 of national_weather_service_snowfall_forecast_metadata.json
2025-03-05 19:38:10,595 - INFO - Found 7 fields in layer 2 of national_weather_service_snowfall_forecast_metadata.json
2025-03-05 19:38:10,595 - INFO - Extracted 7 unique parameters from national_weather_service_snowfall_forecast_metadata.json
2025-03-05 19:38:10,595 - INFO - Found 1 layers in longer_vehicle_combination_lvc_curfew_restrictions_metadata.json
2025-03-05 19:38:10,595 - INFO - Found 11 fields in layer 0 of longer_vehicle_combination_lvc_curfew_restrictions_metadata.json
2025-03-05 19:38:10,596 - INFO - Extracted 11 unique parameters from longer_vehicle_combination_lvc_curfew_restrictions_metadata.json
2025-03-05 19:38:10,596 - INFO - Found 1 layers in surface_and_underground_coal_mines_in_the_us_metadata.json
2025-03-05 19:38:10,596 - INFO - Found 16 fields in layer 0 of surface_and_underground_coal_mines_in_the_us_metadata.json
2025-03-05 19:38:10,596 - INFO - Extracted 16 unique parameters from surface_and_underground_coal_mines_in_the_us_metadata.json
2025-03-05 19:38:10,597 - INFO - Found 1 layers in colorado_census_2020_redistricting_blocks_metadata.json
2025-03-05 19:38:10,597 - INFO - Found 392 fields in layer 0 of colorado_census_2020_redistricting_blocks_metadata.json
2025-03-05 19:38:10,598 - INFO - Extracted 392 unique parameters from colorado_census_2020_redistricting_blocks_metadata.json
2025-03-05 19:38:10,598 - INFO - Found 0 layers in cdphe_ems_and_ambulance_agencies_metadata.json
2025-03-05 19:38:10,598 - INFO - Extracted 0 unique parameters from cdphe_ems_and_ambulance_agencies_metadata.json
2025-03-05 19:38:10,598 - WARNING - No parameters found in MetaDataArcGis/cdphe_ems_and_ambulance_agencies_metadata.json
2025-03-05 19:38:10,598 - INFO - Found 1 layers in colorado_tennis_courts_metadata.json
2025-03-05 19:38:10,598 - INFO - Found 22 fields in layer 0 of colorado_tennis_courts_metadata.json
2025-03-05 19:38:10,598 - INFO - Extracted 22 unique parameters from colorado_tennis_courts_metadata.json
2025-03-05 19:38:10,599 - INFO - Found 6 layers in united_states_block_group_boundaries_metadata.json
2025-03-05 19:38:10,599 - INFO - Found 6 fields in layer 0 of united_states_block_group_boundaries_metadata.json
2025-03-05 19:38:10,599 - INFO - Found 11 fields in layer 1 of united_states_block_group_boundaries_metadata.json
2025-03-05 19:38:10,599 - INFO - Found 14 fields in layer 2 of united_states_block_group_boundaries_metadata.json
2025-03-05 19:38:10,599 - INFO - Found 9 fields in layer 3 of united_states_block_group_boundaries_metadata.json
2025-03-05 19:38:10,599 - INFO - Found 14 fields in layer 4 of united_states_block_group_boundaries_metadata.json
2025-03-05 19:38:10,599 - INFO - Found 15 fields in layer 5 of united_states_block_group_boundaries_metadata.json
2025-03-05 19:38:10,599 - INFO - Extracted 20 unique parameters from united_states_block_group_boundaries_metadata.json
2025-03-05 19:38:10,599 - INFO - Found 1 layers in intercity_bus_atlas_stops_metadata.json
2025-03-05 19:38:10,599 - INFO - Found 37 fields in layer 0 of intercity_bus_atlas_stops_metadata.json
2025-03-05 19:38:10,599 - INFO - Extracted 37 unique parameters from intercity_bus_atlas_stops_metadata.json
2025-03-05 19:38:10,600 - INFO - Found 2 layers in ppacg_traffic_counts_metadata.json
2025-03-05 19:38:10,600 - INFO - Found 34 fields in layer 0 of ppacg_traffic_counts_metadata.json
2025-03-05 19:38:10,600 - INFO - Found 13 fields in layer 1 of ppacg_traffic_counts_metadata.json
2025-03-05 19:38:10,600 - INFO - Extracted 41 unique parameters from ppacg_traffic_counts_metadata.json
2025-03-05 19:38:10,600 - INFO - Found 0 layers in major_roads_metadata.json
2025-03-05 19:38:10,600 - INFO - Extracted 0 unique parameters from major_roads_metadata.json
2025-03-05 19:38:10,601 - WARNING - No parameters found in MetaDataArcGis/major_roads_metadata.json
2025-03-05 19:38:10,601 - INFO - Found 0 layers in seed_mixes_metadata.json
2025-03-05 19:38:10,601 - INFO - Extracted 0 unique parameters from seed_mixes_metadata.json
2025-03-05 19:38:10,601 - WARNING - No parameters found in MetaDataArcGis/seed_mixes_metadata.json
2025-03-05 19:38:10,601 - INFO - Found 0 layers in noxious_weeds_2019_metadata.json
2025-03-05 19:38:10,601 - INFO - Extracted 0 unique parameters from noxious_weeds_2019_metadata.json
2025-03-05 19:38:10,601 - WARNING - No parameters found in MetaDataArcGis/noxious_weeds_2019_metadata.json
2025-03-05 19:38:10,602 - INFO - Found 1 layers in voting_districts_metadata.json
2025-03-05 19:38:10,602 - INFO - Found 22 fields in layer 0 of voting_districts_metadata.json
2025-03-05 19:38:10,602 - INFO - Extracted 22 unique parameters from voting_districts_metadata.json
2025-03-05 19:38:10,602 - INFO - Found 2 layers in law_enforcement_structures_metadata.json
2025-03-05 19:38:10,602 - INFO - Found 24 fields in layer 0 of law_enforcement_structures_metadata.json
2025-03-05 19:38:10,602 - INFO - Found 24 fields in layer 1 of law_enforcement_structures_metadata.json
2025-03-05 19:38:10,602 - INFO - Extracted 24 unique parameters from law_enforcement_structures_metadata.json
2025-03-05 19:38:10,602 - INFO - Found 0 layers in transportation_planning_regions_metadata.json
2025-03-05 19:38:10,602 - INFO - Extracted 0 unique parameters from transportation_planning_regions_metadata.json
2025-03-05 19:38:10,602 - WARNING - No parameters found in MetaDataArcGis/transportation_planning_regions_metadata.json
2025-03-05 19:38:10,604 - INFO - Found 1 layers in colleges_and_universities_metadata.json
2025-03-05 19:38:10,604 - INFO - Found 45 fields in layer 0 of colleges_and_universities_metadata.json
2025-03-05 19:38:10,604 - INFO - Extracted 45 unique parameters from colleges_and_universities_metadata.json
2025-03-05 19:38:10,604 - INFO - Found 1 layers in metropolitan_districts_metadata.json
2025-03-05 19:38:10,604 - INFO - Found 17 fields in layer 0 of metropolitan_districts_metadata.json
2025-03-05 19:38:10,604 - INFO - Extracted 17 unique parameters from metropolitan_districts_metadata.json
2025-03-05 19:38:10,607 - INFO - Saved all parameters to output/arcgis/data/all_arcgis_parameters.csv
2025-03-05 19:38:12,202 - INFO - Saved word cloud to output/arcgis/visualizations/arcgis_parameter_wordcloud.png
2025-03-05 19:38:12,204 - INFO - Saved top 30 parameters to output/arcgis/data/top_arcgis_parameters.csv
2025-03-05 19:38:12,490 - INFO - Saved bar chart to output/arcgis/visualizations/arcgis_top_parameters.png
2025-03-05 19:38:12,490 - ERROR - Error creating interactive bar chart: The first argument to the plotly.graph_objs.layout.Template
constructor must be a dict or
an instance of :class:`plotly.graph_objs.layout.Template`
2025-03-05 19:38:12,490 - INFO - Skipping interactive bar chart creation due to error
2025-03-05 19:38:12,623 - INFO - Saved horizontal bar chart to output/arcgis/visualizations/arcgis_parameter_distribution.png
2025-03-05 19:38:12,802 - INFO - Saved treemap visualization to output/arcgis/visualizations/arcgis_parameter_treemap.png
2025-03-05 19:38:12,802 - ERROR - Error creating interactive treemap: The first argument to the plotly.graph_objs.layout.Template
constructor must be a dict or
an instance of :class:`plotly.graph_objs.layout.Template`
2025-03-05 19:38:12,802 - INFO - Skipping interactive treemap creation due to error
2025-03-05 19:38:12,807 - INFO - Generated report files: output/arcgis/reports/arcgis_parameter_report.md, output/arcgis/reports/arcgis_parameter_summary.txt
2025-03-05 19:38:12,997 - INFO - Saved parameter patterns chart to output/arcgis/visualizations/arcgis_parameter_patterns.png
2025-03-05 19:38:12,997 - ERROR - Error creating interactive parameter patterns chart: [Errno 2] No such file or directory: '/Users/lukefarchione/Desktop/Work/Parsers/venv/lib/python3.13/site-packages/plotly/package_data/templates/plotly.json'
2025-03-05 19:38:12,998 - INFO - Skipping interactive parameter patterns chart creation due to error
2025-03-05 19:38:13,048 - INFO - Saved URL patterns to output/arcgis/reports/arcgis_url_patterns.txt
2025-03-05 19:38:13,048 - INFO - 
===== API PARAMETER ANALYSIS SUMMARY =====
2025-03-05 19:38:13,048 - INFO - SODA parameters found: 29,477
2025-03-05 19:38:13,048 - INFO - SODA unique parameter names: 6,161
2025-03-05 19:38:13,048 - INFO - ArcGIS parameters found: 3,715
2025-03-05 19:38:13,049 - INFO - ArcGIS unique parameter names: 2,851
2025-03-05 19:38:13,049 - INFO - 
Results saved to:
2025-03-05 19:38:13,049 - INFO - - output/soda/
2025-03-05 19:38:13,049 - INFO - - output/arcgis/
2025-03-05 19:38:13,049 - INFO - 
Analysis complete!
